 # system_clock,	AO-therm	CPU-therm	GPU-therm	PLL-therm	PMIC-Die	Tdiode_tegra	Tboard_tegra	thermal-fan-est.38bmp280_temp	bmp280_pressure
1466459367	22	20	18	17.5	100	23.75	23	19	25.38	75662
1466459368	22	20	18	17.5	100	23.75	23	19	24.64	102435
1466459369	22	20	18	17.5	100	23.75	23	19	24.7	102436
1466459370	22	20	18	17.5	100	23.75	23	19	24.75	102440
1466459371	22	20	18	17.5	100	23.75	23	19	24.78	102440
1466459372	22	20	18	17.5	100	23.75	23	19	24.81	102443
1466459373	22	20	18	17.5	100	23.75	23	19	24.83	102442
1466459374	22	20	18	17.5	100	23.75	23	19	24.86	102445
1466459375	22	20	18	17.5	100	23.75	23	19	24.88	102445
1466459376	22	20	18	17.5	100	23.75	23	19	24.91	102445
1466459377	22	20	18	17.5	100	23.75	23	19	24.93	102448
1466459378	22	20	18	17.5	100	23.75	23	19	24.95	102448
1466459379	22	20	18	17.5	100	23.75	23	19	24.97	102450
1466459380	22	20	18	17.5	100	23.75	23	19	25	102454
1466459381	22	20	18	17.5	100	23.75	23	19	25.02	102457
1466459382	22	20	18	17.5	100	23.75	23	19	25.04	102457
1466459383	22	20	18	17.5	100	23.75	23	19	25.07	102456
1466459384	22	20	18	17.5	100	23.75	23	19	25.1	102460
1466459385	22	20	18	17.5	100	23.75	23	19	25.13	102463
1466459386	22	20	18	17.5	100	23.75	23	19	25.14	102460
1466459387	22	20	18	17.5	100	23.75	23	19	25.16	102460
1466459388	22	20	18	17.5	100	23.75	23	19	25.18	102464
1466459389	22	20	18	17.5	100	23.75	23	19	25.21	102464
1466459390	22	20	18	17.5	100	23.75	23	19	25.24	102467
1466459391	22	20	18	17.5	100	23.75	23	19	25.24	102466
1466459392	22	20	18	17.5	100	23.75	23	19	25.28	102467
1466459393	22	20	18	17.5	100	23.75	23	19	25.31	102471
1466459394	22	20	18	17.5	100	23.75	23	19	25.33	102470
1466459395	22	20	18	17.5	100	23.75	23	19	25.34	102469
1466459396	22	20	18	17.5	100	23.75	23	19	25.38	102473
1466459397	22	20	18	17.5	100	23.75	23	19	25.41	102476
1466459398	22	20	18	17.5	100	23.75	23	19	25.43	102475
1466459399	22	20	18	17.5	100	23.75	23	19	25.44	102475
1466459400	22	20	18	17.5	100	23.75	23	19	25.49	102479
1466459401	22	20	18	17.5	100	23.75	23	19	25.51	102481
1466459402	22	20	18	17.5	100	23.75	23	19	25.53	102483
1466459403	22	20	18	17.5	100	23.75	23	19	25.55	102484
1466459404	22	20	18	17.5	100	23.75	23	19	25.58	102487
1466459405	22	20	18	17.5	100	23.75	23	19	25.6	102484
1466459406	22	20	18	17.5	100	23.75	23	19	25.62	102486
1466459407	22	20	18	17.5	100	23.75	23	19	25.66	102490
1466459408	22	20	18	17.5	100	23.75	23	19	25.67	102489
1466459409	22	20	18	17.5	100	23.75	23	19	25.69	102489
1466459410	22	20	18	17.5	100	23.75	23	19	25.72	102495
1466459411	22	20	18	17.5	100	23.75	23	19	25.74	102490
1466459412	22	20	18	17.5	100	23.75	23	19	25.78	102497
1466459413	22	20	18	17.5	100	23.75	23	19	25.8	102495
1466459414	22	20	18	17.5	100	23.75	23	19	25.83	102497
1466459415	22	20	18	17.5	100	23.75	23	19	25.85	102497
1466459416	22	20	18	17.5	100	23.75	23	19	25.87	102499
1466459417	22	20	18	17.5	100	23.75	23	19	25.89	102502
1466459418	22	20	18	17.5	100	23.75	23	19	25.92	102501
1466459419	22	20	18	17.5	100	23.75	23	19	25.94	102502
1466459420	22	20	18	17.5	100	23.75	23	19	25.96	102505
1466459421	22	20	18	17.5	100	23.75	23	19	25.99	102505
1466459422	22	20	18	17.5	100	23.75	23	19	26	102507
1466459423	22	20	18	17.5	100	23.75	23	19	26.03	102508
1466459424	22	20	18	17.5	100	23.75	23	19	26.06	102510
1466459425	22	20	18	17.5	100	23.75	23	19	26.09	102513
1466459426	22	20	18	17.5	100	23.75	23	19	26.11	102512
1466459427	22	20	18	17.5	100	23.75	23	19	26.14	102513
1466459428	22	20	18	17.5	100	23.75	23	19	26.16	102515
1466459429	22	20	18	17.5	100	23.75	23	19	26.18	102516
1466459430	22	20	18	17.5	100	23.75	23	19	26.21	102517
1466459431	22	20	18	17.5	100	23.75	23	19	26.22	102517
1466459432	22	20	18	17.5	100	23.75	23	19	26.25	102521
1466459433	22	20	18	17.5	100	23.75	23	19	26.26	102520
1466459434	22	20	18	17.5	100	23.75	23	19	26.29	102523
1466459435	22	20	18	17.5	100	23.75	23	19	26.31	102524
1466459436	22	20	18	17.5	100	23.75	23	19	26.35	102525
1466459437	22	20	18	17.5	100	23.75	23	19	26.38	102529
1466459438	22	20	18	17.5	100	23.75	23	19	26.39	102528
1466459439	22	20	18	17.5	100	23.75	23	19	26.42	102530
1466459440	22	20	18	17.5	100	23.75	23	19	26.44	102531
1466459441	22	20	18	17.5	100	23.75	23	19	26.46	102531
1466459442	22	20	18	17.5	100	23.75	23	19	26.48	102535
1466459443	22	20	18	17.5	100	23.75	23	19	26.51	102533
1466459444	22	20	18	17.5	100	23.75	23	19	26.53	102533
1466459445	22	20	18	17.5	100	23.75	23	19	26.55	102535
1466459446	22	20	18	17.5	100	23.75	23	19	26.58	102539
1466459447	22	20	18	17.5	100	23.75	23	19	26.59	102533
1466459448	22	20	18	17.5	100	23.75	23	19	26.62	102542
1466459449	22	20	18	17.5	100	23.75	23	19	26.64	102537
1466459450	22	20	18	17.5	100	23.75	23	19	26.67	102539
1466459451	22	20	18	17.5	100	23.75	23	19	26.69	102539
1466459452	22	20	18	17.5	100	23.75	23	19	26.72	102541
1466459453	22	20	18	17.5	100	23.75	23	19	26.73	102540
1466459454	22	20	18	17.5	100	23.75	23	19	26.77	102543
1466459455	22	20	18	17.5	100	23.75	23	19	26.79	102547
1466459456	22	20	18	17.5	100	23.75	23	19	26.81	102546
1466459457	22	20	18	17.5	100	23.75	23	19	26.83	102548
1466459458	22	20	18	17.5	100	23.75	23	19	26.85	102546
1466459459	22	20	18	17.5	100	23.75	23	19	26.86	102546
1466459460	22	20	18	17.5	100	23.75	23	19	26.9	102549
1466459461	22	20	18	17.5	100	23.75	23	19	26.91	102548
1466459462	22	20	18	17.5	100	23.75	23	19	26.94	102550
1466459463	22	20	18	17.5	100	23.75	23	19	26.97	102556
1466459464	22	20	18	17.5	100	23.75	23	19	26.98	102554
1466459465	22	20	18	17.5	100	23.75	23	19	27.02	102555
1466459466	22	20	18	17.5	100	23.75	23	19	27.03	102557
1466459467	22	20	18	17.5	100	23.75	23	19	27.06	102557
1466459468	22	20	18	17.5	100	23.75	23	19	27.07	102555
1466459469	22	20	18	17.5	100	23.75	23	19	27.11	102562
1466459470	22	20	18	17.5	100	23.75	23	19	27.13	102562
1466459471	22	20	18	17.5	100	23.75	23	19	27.15	102567
1466459472	22	20	18	17.5	100	23.75	23	19	27.18	102566
1466459473	22	20	18	17.5	100	23.75	23	19	27.2	102565
1466459474	22	20	18	17.5	100	23.75	23	19	27.21	102567
1466459475	22	20	18	17.5	100	23.75	23	19	27.24	102569
1466459476	22	20	18	17.5	100	23.75	23	19	27.25	102568
1466459477	22	20	18	17.5	100	23.75	23	19	27.28	102570
1466459478	22	20	18	17.5	100	23.75	23	19	27.3	102572
1466459479	22	20	18	17.5	100	23.75	23	19	27.33	102575
1466459480	22	20	18	17.5	100	23.75	23	19	27.35	102575
1466459481	22	20	18	17.5	100	23.75	23	19	27.38	102576
1466459482	22	20	18	17.5	100	23.75	23	19	27.39	102577
1466459483	22	20	18	17.5	100	23.75	23	19	27.42	102580
1466459484	22	20	18	17.5	100	23.75	23	19	27.43	102580
1466459485	22	20	18	17.5	100	23.75	23	19	27.45	102574
1466459486	22	20	18	17.5	100	23.75	23	19	27.47	102580
1466459487	22	20	18	17.5	100	23.75	23	19	27.51	102583
1466459488	22	20	18	17.5	100	23.75	23	19	27.52	102580
1466459489	22	20	18	17.5	100	23.75	23	19	27.54	102580
1466459490	22	20	18	17.5	100	23.75	23	19	27.57	102585
1466459491	22	20	18	17.5	100	23.75	23	19	27.58	102584
1466459492	22	20	18	17.5	100	23.75	23	19	27.6	102584
1466459493	22	20	18	17.5	100	23.75	23	19	27.62	102585
1466459494	22	20	18	17.5	100	23.75	23	19	27.65	102590
1466459495	22	20	18	17.5	100	23.75	23	19	27.67	102591
1466459496	22	20	18	17.5	100	23.75	23	19	27.69	102591
1466459497	22	20	18	17.5	100	23.75	23	19	27.71	102593
1466459498	22	20	18	17.5	100	23.75	23	19	27.74	102594
1466459499	22	20	18	17.5	100	23.75	23	19	27.74	102593
1466459500	22	20	18	17.5	100	23.75	23	19	27.77	102592
1466459501	22	20	18	17.5	100	23.75	23	19	27.77	102595
1466459502	22	20	18	17.5	100	23.75	23	19	27.81	102597
1466459503	22	20	18	17.5	100	23.75	23	19	27.83	102599
1466459504	22	20	18	17.5	100	23.75	23	19	27.85	102595
1466459505	22	20	18	17.5	100	23.75	23	19	27.87	102600
1466459506	22	20	18	17.5	100	23.75	23	19	27.9	102602
1466459507	22	20	18	17.5	100	23.75	23	19	27.91	102600
1466459508	22	20	18	17.5	100	23.75	23	19	27.92	102596
1466459509	22	20	18	17.5	100	23.75	23	19	27.96	102604
1466459510	22	20	18	17.5	100	23.75	23	19	27.97	102606
1466459511	22	20	18	17.5	100	23.75	23	19	27.99	102608
1466459512	22	20	18	17.5	100	23.75	23	19	28.02	102609
1466459513	22	20	18	17.5	100	23.75	23	19	28.03	102608
1466459514	22	20	18	17.5	100	23.75	23	19	28.06	102610
1466459515	22	20	18	17.5	100	23.75	23	19	28.08	102613
1466459516	22	20	18	17.5	100	23.75	23	19	28.1	102615
1466459517	22	20	18	17.5	100	23.75	23	19	28.12	102617
1466459518	22	20	18	17.5	100	23.75	23	19	28.14	102617
1466459519	22	20	18	17.5	100	23.75	23	19	28.15	102620
1466459520	22	20	18	17.5	100	23.75	23	19	28.18	102620
1466459521	22	20	18	17.5	100	23.75	23	19	28.2	102618
1466459522	22	20	18	17.5	100	23.75	23	19	28.22	102618
1466459523	22	20	18	17.5	100	23.75	23	19	28.24	102626
1466459524	22	20	18	17.5	100	23.75	23	19	28.25	102621
1466459525	22	20	18	17.5	100	23.75	23	19	28.27	102628
1466459526	22	20	18	17.5	100	23.75	23	19	28.3	102627
1466459527	22	20	18	17.5	100	23.75	23	19	28.31	102627
1466459528	22	20	18	17.5	100	23.75	23	19	28.33	102626
1466459529	22	20	18	17.5	100	23.75	23	19	28.36	102632
1466459530	22	20	18	17.5	100	23.75	23	19	28.36	102628
1466459531	22	20	18	17.5	100	23.75	23	19	28.39	102633
1466459532	22	20	18	17.5	100	23.75	23	19	28.41	102634
1466459533	22	20	18	17.5	100	23.75	23	19	28.43	102635
1466459534	22	20	18	17.5	100	23.75	23	19	28.44	102633
1466459535	22	20	18	17.5	100	23.75	23	19	28.47	102633
1466459536	22	20	18	17.5	100	23.75	23	19	28.48	102636
1466459537	22	20	18	17.5	100	23.75	23	19	28.5	102638
1466459538	22	20	18	17.5	100	23.75	23	19	28.51	102638
1466459539	22	20	18	17.5	100	23.75	23	19	28.53	102637
1466459540	22	20	18	17.5	100	23.75	23	19	28.56	102641
1466459541	22	20	18	17.5	100	23.75	23	19	28.58	102643
1466459542	22	20	18	17.5	100	23.75	23	19	28.6	102646
1466459543	22	20	18	17.5	100	23.75	23	19	28.61	102645
1466459544	22	20	18	17.5	100	23.75	23	19	28.63	102646
1466459545	22	20	18	17.5	100	23.75	23	19	28.65	102648
1466459546	22	20	18	17.5	100	23.75	23	19	28.68	102649
1466459547	22	20	18	17.5	100	23.75	23	19	28.68	102648
1466459548	22	20	18	17.5	100	23.75	23	19	28.71	102652
1466459549	22	20	18	17.5	100	23.75	23	19	28.72	102651
1466459550	22	20	18	17.5	100	23.75	23	19	28.73	102652
1466459551	22	20	18	17.5	100	23.75	23	19	28.76	102655
1466459552	22	20	18	17.5	100	23.75	23	19	28.77	102654
1466459553	22	20	18	17.5	100	23.75	23	19	28.79	102656
1466459554	22	20	18	17.5	100	23.75	23	19	28.81	102655
1466459555	22	20	18	17.5	100	23.75	23	19	28.82	102656
1466459556	22	20	18	17.5	100	23.75	23	19	28.84	102658
1466459557	22	20	18	17.5	100	23.75	23	19	28.86	102661
1466459558	22	20	18	17.5	100	23.75	23	19	28.88	102661
1466459559	22	20	18	17.5	100	23.75	23	19	28.89	102663
1466459560	22	20	18	17.5	100	23.75	23	19	28.93	102664
1466459561	22	20	18	17.5	100	23.75	23	19	28.94	102663
1466459562	22	20	18	17.5	100	23.75	23	19	28.95	102661
1466459563	22	20	18	17.5	100	23.75	23	19	28.97	102665
1466459564	22	20	18	17.5	100	23.75	23	19	28.98	102667
1466459565	22	20	18	17.5	100	23.75	23	19	29.01	102670
1466459566	22	20	18	17.5	100	23.75	23	19	29.02	102670
1466459567	22	20	18	17.5	100	23.75	23	19	29.03	102670
1466459568	22	20	18	17.5	100	23.75	23	19	29.05	102671
1466459569	22	20	18	17.5	100	23.75	23	19	29.07	102673
1466459570	22	20	18	17.5	100	23.75	23	19	29.08	102677
1466459571	22	20	18	17.5	100	23.75	23	19	29.1	102674
1466459572	22	20	18	17.5	100	23.75	23	19	29.12	102677
1466459573	22	20	18	17.5	100	23.75	23	19	29.14	102678
1466459574	22	20	18	17.5	100	23.75	23	19	29.16	102681
1466459575	22	20	18	17.5	100	23.75	23	19	29.17	102683
1466459576	22	20	18	17.5	100	23.75	23	19	29.19	102681
1466459577	22	20	18	17.5	100	23.75	23	19	29.2	102681
1466459578	22	20	18	17.5	100	23.75	23	19	29.22	102685
1466459579	22	20	18	17.5	100	23.75	23	19	29.24	102687
1466459580	22	20	18	17.5	100	23.75	23	19	29.25	102687
1466459581	22	20	18	17.5	100	23.75	23	19	29.28	102688
1466459582	22	20	18	17.5	100	23.75	23	19	29.29	102689
1466459583	22	20	18	17.5	100	23.75	23	19	29.31	102692
1466459584	22	20	18	17.5	100	23.75	23	19	29.32	102693
1466459585	22	20	18	17.5	100	23.75	23	19	29.33	102692
1466459586	22	20	18	17.5	100	23.75	23	19	29.36	102690
1466459587	22	20	18	17.5	100	23.75	23	19	29.38	102695
1466459588	22	20	18	17.5	100	23.75	23	19	29.39	102697
1466459589	22	20	18	17.5	100	23.75	23	19	29.41	102698
1466459590	22	20	18	17.5	100	23.75	23	19	29.41	102697
1466459591	22	20	18	17.5	100	23.75	23	19	29.44	102702
1466459592	22	20	18	17.5	100	23.75	23	19	29.44	102700
1466459593	22	20	18	17.5	100	23.75	23	19	29.47	102701
1466459594	22	20	18	17.5	100	23.75	23	19	29.48	102703
1466459595	22	20	18	17.5	100	23.75	23	19	29.49	102702
1466459596	22	20	18	17.5	100	23.75	23	19	29.51	102707
1466459597	22	20	18	17.5	100	23.75	23	19	29.51	102706
1466459598	22	20	18	17.5	100	23.75	23	19	29.53	102706
1466459599	22	20	18	17.5	100	23.75	23	19	29.56	102709
1466459600	22	20	18	17.5	100	23.75	23	19	29.57	102708
1466459601	22	20	18	17.5	100	23.75	23	19	29.59	102708
1466459602	22	20	18	17.5	100	23.75	23	19	29.61	102714
1466459603	22	20	18	17.5	100	23.75	23	19	29.63	102716
1466459604	22	20	18	17.5	100	23.75	23	19	29.63	102713
1466459605	22	20	18	17.5	100	23.75	23	19	29.65	102713
1466459606	22	20	18	17.5	100	23.75	23	19	29.66	102712
1466459607	22	20	18	17.5	100	23.75	23	19	29.68	102715
1466459608	22	20	18	17.5	100	23.75	23	19	29.69	102717
1466459609	22	20	18	17.5	100	23.75	23	19	29.7	102715
1466459610	22	20	18	17.5	100	23.75	23	19	29.72	102717
1466459611	22	20	18	17.5	100	23.75	23	19	29.74	102719
1466459612	22	20	18	17.5	100	23.75	23	19	29.75	102718
1466459613	22	20	18	17.5	100	23.75	23	19	29.76	102721
1466459614	22	20	18	17.5	100	23.75	23	19	29.77	102719
1466459615	22	20	18	17.5	100	23.75	23	19	29.8	102723
1466459616	22	20	18	17.5	100	23.75	23	19	29.81	102724
1466459617	22	20	18	17.5	100	23.75	23	19	29.82	102725
1466459618	22	20	18	17.5	100	23.75	23	19	29.84	102725
1466459619	22	20	18	17.5	100	23.75	23	19	29.85	102727
1466459620	22	20	18	17.5	100	23.75	23	19	29.86	102728
1466459621	22	20	18	17.5	100	23.75	23	19	29.87	102732
1466459622	22	20	18	17.5	100	23.75	23	19	29.9	102731
1466459623	22	20	18	17.5	100	23.75	23	19	29.91	102732
1466459624	22	20	18	17.5	100	23.75	23	19	29.92	102732
1466459625	22	20	18	17.5	100	23.75	23	19	29.93	102729
1466459626	22	20	18	17.5	100	23.75	23	19	29.95	102735
1466459627	22	20	18	17.5	100	23.75	23	19	29.96	102734
1466459628	22	20	18	17.5	100	23.75	23	19	29.97	102735
1466459629	22	20	18	17.5	100	23.75	23	19	29.98	102736
1466459630	22	20	18	17.5	100	23.75	23	19	30	102735
1466459631	22	20	18	17.5	100	23.75	23	19	30.02	102737
1466459632	22	20	18	17.5	100	23.75	23	19	30.03	102737
1466459633	22	20	18	17.5	100	23.75	23	19	30.04	102740
1466459634	22	20	18	17.5	100	23.75	23	19	30.04	102737
1466459635	22	20	18	17.5	100	23.75	23	19	30.07	102739
1466459636	22	20	18	17.5	100	23.75	23	19	30.07	102738
1466459637	22	20	18	17.5	100	23.75	23	19	30.08	102741
1466459638	22	20	18	17.5	100	23.75	23	19	30.11	102745
1466459639	22	20	18	17.5	100	23.75	23	19	30.12	102744
1466459640	22	20	18	17.5	100	23.75	23	19	30.13	102745
1466459641	22	20	18	17.5	100	23.75	23	19	30.15	102748
1466459642	22	20	18	17.5	100	23.75	23	19	30.16	102748
1466459643	22	20	18	17.5	100	23.75	23	19	30.17	102750
1466459644	22	20	18	17.5	100	23.75	23	19	30.18	102749
1466459645	22	20	18	17.5	100	23.75	23	19	30.18	102748
1466459646	22	20	18	17.5	100	23.75	23	19	30.2	102752
1466459647	22	20	18	17.5	100	23.75	23	19	30.22	102751
1466459648	22	20	18	17.5	100	23.75	23	19	30.23	102753
1466459649	22	20	18	17.5	100	23.75	23	19	30.24	102754
1466459650	22	20	18	17.5	100	23.75	23	19	30.26	102754
1466459651	22	20	18	17.5	100	23.75	23	19	30.27	102754
1466459652	22	20	18	17.5	100	23.75	23	19	30.29	102755
1466459653	22	20	18	17.5	100	23.75	23	19	30.3	102755
1466459654	22	20	18	17.5	100	23.75	23	19	30.31	102758
1466459655	22	20	18	17.5	100	23.75	23	19	30.32	102755
1466459656	22	20	18	17.5	100	23.75	23	19	30.34	102757
1466459657	22	20	18	17.5	100	23.75	23	19	30.35	102757
1466459658	22	20	18	17.5	100	23.75	23	19	30.36	102759
1466459659	22	20	18	17.5	100	23.75	23	19	30.38	102761
1466459660	22	20	18	17.5	100	23.75	23	19	30.39	102760
1466459661	22	20	18	17.5	100	23.75	23	19	30.39	102762
1466459662	22	20	18	17.5	100	23.75	23	19	30.4	102760
1466459663	22	20	18	17.5	100	23.75	23	19	30.42	102763
1466459664	22	20	18	17.5	100	23.75	23	19	30.43	102764
1466459665	22	20	18	17.5	100	23.75	23	19	30.44	102763
1466459666	22	20	18	17.5	100	23.75	23	19	30.46	102766
1466459667	22	20	18	17.5	100	23.75	23	19	30.47	102767
1466459668	22	20	18	17.5	100	23.75	23	19	30.48	102769
1466459669	22	20	18	17.5	100	23.75	23	19	30.48	102769
1466459670	22	20	18	17.5	100	23.75	23	19	30.49	102769
1466459671	22	20	18	17.5	100	23.75	23	19	30.51	102769
1466459672	22	20	18	17.5	100	23.75	23	19	30.51	102769
1466459673	22	20	18	17.5	100	23.75	23	19	30.54	102771
1466459674	22	20	18	17.5	100	23.75	23	19	30.55	102771
1466459675	22	20	18	17.5	100	23.75	23	19	30.57	102775
1466459676	22	20	18	17.5	100	23.75	23	19	30.57	102774
1466459677	22	20	18	17.5	100	23.75	23	19	30.59	102776
1466459678	22	20	18	17.5	100	23.75	23	19	30.6	102780
1466459679	22	20	18	17.5	100	23.75	23	19	30.62	102780
1466459680	22	20	18	17.5	100	23.75	23	19	30.64	102784
1466459681	22	20	18	17.5	100	23.75	23	19	30.65	102784
1466459682	22	20	18	17.5	100	23.75	23	19	30.64	102777
1466459683	22	20	18	17.5	100	23.75	23	19	30.67	102784
1466459684	22	20	18	17.5	100	23.75	23	19	30.67	102787
1466459685	22	20	18	17.5	100	23.75	23	19	30.69	102785
1466459686	22	20	18	17.5	100	23.75	23	19	30.69	102784
1466459687	22	20	18	17.5	100	23.75	23	19	30.71	102788
1466459688	22	20	18	17.5	100	23.75	23	19	30.72	102787
1466459689	22	20	18	17.5	100	23.75	23	19	30.72	102788
1466459690	22	20	18	17.5	100	23.75	23	19	30.74	102790
1466459691	22	20	18	17.5	100	23.75	23	19	30.75	102791
1466459692	22	20	18	17.5	100	23.75	23	19	30.75	102790
1466459693	22	20	18	17.5	100	23.75	23	19	30.76	102790
1466459694	22	20	18	17.5	100	23.75	23	19	30.78	102788
1466459695	22	20	18	17.5	100	23.75	23	19	30.79	102792
1466459696	22	20	18	17.5	100	23.75	23	19	30.8	102792
1466459697	22	20	18	17.5	100	23.75	23	19	30.81	102792
1466459698	22	20	18	17.5	100	23.75	23	19	30.83	102798
1466459699	22	20	18	17.5	100	23.75	23	19	30.82	102795
1466459700	22	20	18	17.5	100	23.75	23	19	30.85	102795
1466459701	22	20	18	17.5	100	23.75	23	19	30.85	102795
1466459702	22	20	18	17.5	100	23.75	23	19	30.86	102798
1466459703	22	20	18	17.5	100	23.75	23	19	30.88	102795
1466459704	22	20	18	17.5	100	23.75	23	19	30.88	102796
1466459705	22	20	18	17.5	100	23.75	23	19	30.89	102797
1466459706	22	20	18	17.5	100	23.75	23	19	30.91	102800
1466459707	22	20	18	17.5	100	23.75	23	19	30.9	102799
1466459708	22	20	18	17.5	100	23.75	23	19	30.92	102801
1466459709	22	20	18	17.5	100	23.75	23	19	30.93	102800
1466459710	22	20	18	17.5	100	23.75	23	19	30.95	102801
1466459711	22	20	18	17.5	100	23.75	23	19	30.94	102802
1466459712	22	20	18	17.5	100	23.75	23	19	30.96	102804
1466459713	22	20	18	17.5	100	23.75	23	19	30.98	102807
1466459714	22	20	18	17.5	100	23.75	23	19	30.98	102808
1466459715	22	20	18	17.5	100	23.75	23	19	30.99	102808
1466459716	22	20	18	17.5	100	23.75	23	19	31	102811
1466459717	22	20	18	17.5	100	23.75	23	19	31.02	102811
1466459718	22	20	18	17.5	100	23.75	23	19	31.04	102813
1466459719	22	20	18	17.5	100	23.75	23	19	31.03	102813
1466459720	22	20	18	17.5	100	23.75	23	19	31.03	102810
1466459721	22	20	18	17.5	100	23.75	23	19	31.04	102810
1466459722	22	20	18	17.5	100	23.75	23	19	31.06	102815
1466459723	22	20	18	17.5	100	23.75	23	19	31.07	102813
1466459724	22	20	18	17.5	100	23.75	23	19	31.07	102815
1466459725	22	20	18	17.5	100	23.75	23	19	31.09	102815
1466459726	22	20	18	17.5	100	23.75	23	19	31.09	102815
1466459727	22	20	18	17.5	100	23.75	23	19	31.1	102813
1466459728	22	20	18	17.5	100	23.75	23	19	31.11	102817
1466459729	22	20	18	17.5	100	23.75	23	19	31.12	102818
1466459730	22	20	18	17.5	100	23.75	23	19	31.13	102816
1466459731	22	20	18	17.5	100	23.75	23	19	31.14	102820
1466459732	22	20	18	17.5	100	23.75	23	19	31.15	102822
1466459733	22	20	18	17.5	100	23.75	23	19	31.16	102820
1466459734	22	20	18	17.5	100	23.75	23	19	31.18	102821
1466459735	22	20	18	17.5	100	23.75	23	19	31.18	102823
1466459736	22	20	18	17.5	100	23.75	23	19	31.19	102823
1466459737	22	20	18	17.5	100	23.75	23	19	31.2	102825
1466459738	22	20	18	17.5	100	23.75	23	19	31.2	102827
1466459739	22	20	18	17.5	100	23.75	23	19	31.23	102826
1466459740	22	20	18	17.5	100	23.75	23	19	31.22	102826
1466459741	22	20	18	17.5	100	23.75	23	19	31.24	102834
1466459742	22	20	18	17.5	100	23.75	23	19	31.25	102830
1466459743	22	20	18	17.5	100	23.75	23	19	31.25	102828
1466459744	22	20	18	17.5	100	23.75	23	19	31.25	102829
1466459745	22	20	18	17.5	100	23.75	23	19	31.27	102832
1466459746	22	20	18	17.5	100	23.75	23	19	31.28	102828
1466459747	22	20	18	17.5	100	23.75	23	19	31.28	102832
1466459748	22	20	18	17.5	100	23.75	23	19	31.29	102832
1466459749	22	20	18	17.5	100	23.75	23	19	31.3	102836
1466459750	22	20	18	17.5	100	23.75	23	19	31.31	102835
1466459751	22	20	18	17.5	100	23.75	23	19	31.32	102836
1466459752	22	20	18	17.5	100	23.75	23	19	31.32	102836
1466459753	22	20	18	17.5	100	23.75	23	19	31.34	102838
1466459754	22	20	18	17.5	100	23.75	23	19	31.34	102838
1466459755	22	20	18	17.5	100	23.75	23	19	31.36	102841
1466459756	22	20	18	17.5	100	23.75	23	19	31.37	102842
1466459757	22	20	18	17.5	100	23.75	23	19	31.37	102839
1466459758	22	20	18	17.5	100	23.75	23	19	31.37	102839
1466459759	22	20	18	17.5	100	23.75	23	19	31.39	102841
1466459760	22	20	18	17.5	100	23.75	23	19	31.39	102842
1466459761	22	20	18	17.5	100	23.75	23	19	31.4	102840
1466459762	22	20	18	17.5	100	23.75	23	19	31.41	102845
1466459763	22	20	18	17.5	100	23.75	23	19	31.42	102843
1466459764	22	20	18	17.5	100	23.75	23	19	31.43	102846
1466459765	22	20	18	17.5	100	23.75	23	19	31.44	102850
1466459766	22	20	18	17.5	100	23.75	23	19	31.45	102846
1466459767	22	20	18	17.5	100	23.75	23	19	31.45	102849
1466459768	22	20	18	17.5	100	23.75	23	19	31.45	102849
1466459769	22	20	18	17.5	100	23.75	23	19	31.47	102848
1466459770	22	20	18	17.5	100	23.75	23	19	31.49	102854
1466459771	22	20	18	17.5	100	23.75	23	19	31.48	102851
1466459772	22	20	18	17.5	100	23.75	23	19	31.49	102852
1466459773	22	20	18	17.5	100	23.75	23	19	31.5	102853
1466459774	22	20	18	17.5	100	23.75	23	19	31.51	102851
1466459775	22	20	18	17.5	100	23.75	23	19	31.53	102854
1466459776	22	20	18	17.5	100	23.75	23	19	31.52	102854
1466459777	22	20	18	17.5	100	23.75	23	19	31.54	102856
1466459778	22	20	18	17.5	100	23.75	23	19	31.54	102855
1466459779	22	20	18	17.5	100	23.75	23	19	31.55	102855
1466459780	22	20	18	17.5	100	23.75	23	19	31.56	102856
1466459781	22	20	18	17.5	100	23.75	23	19	31.57	102860
1466459782	22	20	18	17.5	100	23.75	23	19	31.58	102861
1466459783	22	20	18	17.5	100	23.75	23	19	31.58	102860
1466459784	22	20	18	17.5	100	23.75	23	19	31.6	102865
1466459785	22	20	18	17.5	100	23.75	23	19	31.61	102861
1466459786	22	20	18	17.5	100	23.75	23	19	31.61	102860
1466459787	22	20	18	17.5	100	23.75	23	19	31.61	102861
1466459788	22	20	18	17.5	100	23.75	23	19	31.62	102862
1466459789	22	20	18	17.5	100	23.75	23	19	31.62	102861
1466459790	22	20	18	17.5	100	23.75	23	19	31.63	102866
1466459791	22	20	18	17.5	100	23.75	23	19	31.65	102865
1466459792	22	20	18	17.5	100	23.75	23	19	31.66	102868
1466459793	22	20	18	17.5	100	23.75	23	19	31.65	102867
1466459794	22	20	18	17.5	100	23.75	23	19	31.67	102867
1466459795	22	20	18	17.5	100	23.75	23	19	31.67	102869
1466459796	22	20	18	17.5	100	23.75	23	19	31.68	102869
1466459797	22	20	18	17.5	100	23.75	23	19	31.69	102871
1466459798	22	20	18	17.5	100	23.75	23	19	31.7	102873
1466459799	22	20	18	17.5	100	23.75	23	19	31.7	102874
1466459800	22	20	18	17.5	100	23.75	23	19	31.7	102871
1466459801	22	20	18	17.5	100	23.75	23	19	31.71	102871
1466459802	22	20	18	17.5	100	23.75	23	19	31.73	102875
1466459803	22	20	18	17.5	100	23.75	23	19	31.73	102874
1466459804	22	20	18	17.5	100	23.75	23	19	31.74	102874
1466459805	22	20	18	17.5	100	23.75	23	19	31.74	102877
1466459806	22	20	18	17.5	100	23.75	23	19	31.76	102876
1466459807	22	20	18	17.5	100	23.75	23	19	31.76	102878
1466459808	22	20	18	17.5	100	23.75	23	19	31.76	102876
1466459809	22	20	18	17.5	100	23.75	23	19	31.77	102877
1466459810	22	20	18	17.5	100	23.75	23	19	31.78	102882
1466459811	22	20	18	17.5	100	23.75	23	19	31.78	102880
1466459812	22	20	18	17.5	100	23.75	23	19	31.79	102880
1466459813	22	20	18	17.5	100	23.75	23	19	31.8	102882
1466459814	22	20	18	17.5	100	23.75	23	19	31.81	102881
1466459815	22	20	18	17.5	100	23.75	23	19	31.82	102885
1466459816	22	20	18	17.5	100	23.75	23	19	31.82	102884
1466459817	22	20	18	17.5	100	23.75	23	19	31.82	102885
1466459818	22	20	18	17.5	100	23.75	23	19	31.83	102882
1466459819	22	20	18	17.5	100	23.75	23	19	31.84	102886
1466459820	22	20	18	17.5	100	23.75	23	19	31.86	102890
1466459821	22	20	18	17.5	100	23.75	23	19	31.85	102886
1466459822	22	20	18	17.5	100	23.75	23	19	31.86	102889
1466459823	22	20	18	17.5	100	23.75	23	19	31.87	102888
1466459824	22	20	18	17.5	100	23.75	23	19	31.88	102889
1466459825	22	20	18	17.5	100	23.75	23	19	31.88	102889
1466459826	22	20	18	17.5	100	23.75	23	19	31.89	102892
1466459827	22	20	18	17.5	100	23.75	23	19	31.9	102895
1466459828	22	20	18	17.5	100	23.75	23	19	31.92	102897
1466459829	22	20	18	17.5	100	23.75	23	19	31.92	102896
1466459830	22	20	18	17.5	100	23.75	23	19	31.92	102893
1466459831	22	20	18	17.5	100	23.75	23	19	31.92	102892
1466459832	22	20	18	17.5	100	23.75	23	19	31.93	102897
1466459833	22	20	18	17.5	100	23.75	23	19	31.94	102902
1466459834	22	20	18	17.5	100	23.75	23	19	31.95	102897
1466459835	22	20	18	17.5	100	23.75	23	19	31.96	102901
1466459836	22	20	18	17.5	100	23.75	23	19	31.97	102902
1466459837	22	20	18	17.5	100	23.75	23	19	31.97	102900
1466459838	22	20	18	17.5	100	23.75	23	19	31.98	102898
1466459839	22	20	18	17.5	100	23.75	23	19	31.98	102903
1466459840	22	20	18	17.5	100	23.75	23	19	31.99	102903
1466459841	22	20	18	17.5	100	23.75	23	19	32	102905
1466459842	22	20	18	17.5	100	23.75	23	19	32	102906
1466459843	22	20	18	17.5	100	23.75	23	19	32	102904
1466459844	22	20	18	17.5	100	23.75	23	19	32.01	102905
1466459845	22	20	18	17.5	100	23.75	23	19	32.03	102909
1466459846	22	20	18	17.5	100	23.75	23	19	32.03	102908
1466459847	22	20	18	17.5	100	23.75	23	19	32.03	102910
1466459848	22	20	18	17.5	100	23.75	23	19	32.04	102912
1466459849	22	20	18	17.5	100	23.75	23	19	32.04	102911
1466459850	22	20	18	17.5	100	23.75	23	19	32.06	102914
1466459851	22	20	18	17.5	100	23.75	23	19	32.06	102912
1466459852	22	20	18	17.5	100	23.75	23	19	32.07	102916
1466459853	22	20	18	17.5	100	23.75	23	19	32.06	102913
1466459854	22	20	18	17.5	100	23.75	23	19	32.07	102912
1466459855	22	20	18	17.5	100	23.75	23	19	32.09	102915
1466459856	22	20	18	17.5	100	23.75	23	19	32.09	102914
1466459857	22	20	18	17.5	100	23.75	23	19	32.09	102916
1466459858	22	20	18	17.5	100	23.75	23	19	32.09	102913
1466459859	22	20	18	17.5	100	23.75	23	19	32.11	102914
1466459860	22	20	18	17.5	100	23.75	23	19	32.11	102916
1466459861	22	20	18	17.5	100	23.75	23	19	32.12	102918
1466459862	22	20	18	17.5	100	23.75	23	19	32.13	102922
1466459863	22	20	18	17.5	100	23.75	23	19	32.13	102918
1466459864	22	20	18	17.5	100	23.75	23	19	32.13	102922
1466459865	22	20	18	17.5	100	23.75	23	19	32.14	102921
1466459866	22	20	18	17.5	100	23.75	23	19	32.15	102922
1466459867	22	20	18	17.5	100	23.75	23	19	32.15	102921
1466459868	22	20	18	17.5	100	23.75	23	19	32.16	102924
1466459869	22	20	18	17.5	100	23.75	23	19	32.18	102927
1466459870	22	20	18	17.5	100	23.75	23	19	32.18	102922
1466459871	22	20	18	17.5	100	23.75	23	19	32.18	102920
1466459872	22	20	18	17.5	100	23.75	23	19	32.18	102924
1466459873	22	20	18	17.5	100	23.75	23	19	32.2	102926
1466459874	22	20	18	17.5	100	23.75	23	19	32.2	102929
1466459875	22	20	18	17.5	100	23.75	23	19	32.2	102929
1466459876	22	20	18	17.5	100	23.75	23	19	32.21	102930
1466459877	22	20	18	17.5	100	23.75	23	19	32.22	102927
1466459878	22	20	18	17.5	100	23.75	23	19	32.22	102928
1466459879	22	20	18	17.5	100	23.75	23	19	32.22	102932
1466459880	22	20	18	17.5	100	23.75	23	19	32.23	102928
1466459881	22	20	18	17.5	100	23.75	23	19	32.24	102932
1466459882	22	20	18	17.5	100	23.75	23	19	32.25	102932
1466459883	22	20	18	17.5	100	23.75	23	19	32.25	102934
1466459884	22	20	18	17.5	100	23.75	23	19	32.26	102934
1466459885	22	20	18	17.5	100	23.75	23	19	32.27	102934
1466459886	22	20	18	17.5	100	23.75	23	19	32.27	102937
1466459887	22	20	18	17.5	100	23.75	23	19	32.27	102939
1466459888	22	20	18	17.5	100	23.75	23	19	32.27	102939
1466459889	22	20	18	17.5	100	23.75	23	19	32.28	102939
1466459890	22	20	18	17.5	100	23.75	23	19	32.29	102940
1466459891	22	20	18	17.5	100	23.75	23	19	32.29	102938
1466459892	22	20	18	17.5	100	23.75	23	19	32.3	102943
1466459893	22	20	18	17.5	100	23.75	23	19	32.3	102944
1466459894	22	20	18	17.5	100	23.75	23	19	32.31	102942
1466459895	22	20	18	17.5	100	23.75	23	19	32.32	102947
1466459896	22	20	18	17.5	100	23.75	23	19	32.31	102939
1466459897	22	20	18	17.5	100	23.75	23	19	32.33	102942
1466459898	22	20	18	17.5	100	23.75	23	19	32.32	102942
1466459899	22	20	18	17.5	100	23.75	23	19	32.34	102943
1466459900	22	20	18	17.5	100	23.75	23	19	32.34	102945
1466459901	22	20	18	17.5	100	23.75	23	19	32.34	102947
1466459902	22	20	18	17.5	100	23.75	23	19	32.35	102947
1466459903	22	20	18	17.5	100	23.75	23	19	32.35	102946
1466459904	22	20	18	17.5	100	23.75	23	19	32.36	102945
1466459905	22	20	18	17.5	100	23.75	23	19	32.36	102946
1466459906	22	20	18	17.5	100	23.75	23	19	32.37	102948
1466459907	22	20	18	17.5	100	23.75	23	19	32.37	102947
1466459908	22	20	18	17.5	100	23.75	23	19	32.38	102950
1466459909	22	20	18	17.5	100	23.75	23	19	32.38	102946
1466459910	22	20	18	17.5	100	23.75	23	19	32.39	102952
1466459911	22	20	18	17.5	100	23.75	23	19	32.4	102949
1466459912	22	20	18	17.5	100	23.75	23	19	32.4	102953
1466459913	22	20	18	17.5	100	23.75	23	19	32.41	102955
1466459914	22	20	18	17.5	100	23.75	23	19	32.41	102955
1466459915	22	20	18	17.5	100	23.75	23	19	32.42	102957
1466459916	22	20	18	17.5	100	23.75	23	19	32.42	102954
1466459917	22	20	18	17.5	100	23.75	23	19	32.41	102955
1466459918	22	20	18	17.5	100	23.75	23	19	32.43	102958
1466459919	22	20	18	17.5	100	23.75	23	19	32.45	102960
1466459920	22	20	18	17.5	100	23.75	23	19	32.44	102958
1466459921	22	20	18	17.5	100	23.75	23	19	32.45	102958
1466459922	22	20	18	17.5	100	23.75	23	19	32.45	102959
1466459923	22	20	18	17.5	100	23.75	23	19	32.46	102959
1466459924	22	20	18	17.5	100	23.75	23	19	32.46	102961
1466459925	22	20	18	17.5	100	23.75	23	19	32.47	102964
1466459926	22	20	18	17.5	100	23.75	23	19	32.48	102964
1466459927	22	20	18	17.5	100	23.75	23	19	32.48	102966
1466459928	22	20	18	17.5	100	23.75	23	19	32.48	102964
1466459929	22	20	18	17.5	100	23.75	23	19	32.49	102964
1466459930	22	20	18	17.5	100	23.75	23	19	32.5	102967
1466459931	22	20	18	17.5	100	23.75	23	19	32.5	102967
1466459932	22	20	18	17.5	100	23.75	23	19	32.51	102967
1466459933	22	20	18	17.5	100	23.75	23	19	32.51	102964
1466459934	22	20	18	17.5	100	23.75	23	19	32.52	102966
1466459935	22	20	18	17.5	100	23.75	23	19	32.52	102968
1466459936	22	20	18	17.5	100	23.75	23	19	32.53	102971
1466459937	22	20	18	17.5	100	23.75	23	19	32.54	102971
1466459938	22	20	18	17.5	100	23.75	23	19	32.53	102967
1466459939	22	20	18	17.5	100	23.75	23	19	32.53	102970
1466459940	22	20	18	17.5	100	23.75	23	19	32.54	102972
1466459941	22	20	18	17.5	100	23.75	23	19	32.55	102971
1466459942	22	20	18	17.5	100	23.75	23	19	32.55	102973
1466459943	22	20	18	17.5	100	23.75	23	19	32.56	102974
1466459944	22	20	18	17.5	100	23.75	23	19	32.57	102975
1466459945	22	20	18	17.5	100	23.75	23	19	32.56	102975
1466459946	22	20	18	17.5	100	23.75	23	19	32.56	102973
1466459947	22	20	18	17.5	100	23.75	23	19	32.57	102973
1466459948	22	20	18	17.5	100	23.75	23	19	32.57	102973
1466459949	22	20	18	17.5	100	23.75	23	19	32.59	102978
1466459950	22	20	18	17.5	100	23.75	23	19	32.58	102975
1466459952	22	20	18	17.5	100	23.75	23	19	32.59	102976
1466459953	22	20	18	17.5	100	23.75	23	19	32.6	102978
1466459954	22	20	18	17.5	100	23.75	23	19	32.6	102976
1466459955	22	20	18	17.5	100	23.75	23	19	32.6	102979
1466459956	22	20	18	17.5	100	23.75	23	19	32.6	102978
1466459957	22	20	18	17.5	100	23.75	23	19	32.62	102982
1466459958	22	20	18	17.5	100	23.75	23	19	32.61	102979
1466459959	22	20	18	17.5	100	23.75	23	19	32.63	102982
1466459960	22	20	18	17.5	100	23.75	23	19	32.62	102982
1466459961	22	20	18	17.5	100	23.75	23	19	32.63	102984
1466459962	22	20	18	17.5	100	23.75	23	19	32.64	102986
1466459963	22	20	18	17.5	100	23.75	23	19	32.64	102987
1466459964	22	20	18	17.5	100	23.75	23	19	32.65	102986
1466459965	22	20	18	17.5	100	23.75	23	19	32.66	102988
1466459966	22	20	18	17.5	100	23.75	23	19	32.66	102989
1466459967	22	20	18	17.5	100	23.75	23	19	32.67	102990
1466459968	22	20	18	17.5	100	23.75	23	19	32.67	102987
1466459969	22	20	18	17.5	100	23.75	23	19	32.67	102988
1466459970	22	20	18	17.5	100	23.75	23	19	32.67	102988
1466459971	22	20	18	17.5	100	23.75	23	19	32.68	102988
1466459972	22	20	18	17.5	100	23.75	23	19	32.68	102989
1466459973	22	20	18	17.5	100	23.75	23	19	32.68	102994
1466459974	22	20	18	17.5	100	23.75	23	19	32.7	102992
1466459975	22	20	18	17.5	100	23.75	23	19	32.69	102992
1466459976	22	20	18	17.5	100	23.75	23	19	32.7	102993
1466459977	22	20	18	17.5	100	23.75	23	19	32.71	102994
1466459978	22	20	18	17.5	100	23.75	23	19	32.71	102997
1466459979	22	20	18	17.5	100	23.75	23	19	32.73	102997
1466459980	22	20	18	17.5	100	23.75	23	19	32.72	102996
1466459981	22	20	18	17.5	100	23.75	23	19	32.73	102996
1466459982	22	20	18	17.5	100	23.75	23	19	32.74	102996
1466459983	22	20	18	17.5	100	23.75	23	19	32.73	102996
1466459984	22	20	18	17.5	100	23.75	23	19	32.73	102997
1466459985	22	20	18	17.5	100	23.75	23	19	32.74	102998
1466459986	22	20	18	17.5	100	23.75	23	19	32.75	102999
1466459987	22	20	18	17.5	100	23.75	23	19	32.75	103001
1466459988	22	20	18	17.5	100	23.75	23	19	32.75	103000
1466459989	22	20	18	17.5	100	23.75	23	19	32.76	103002
1466459990	22	20	18	17.5	100	23.75	23	19	32.76	103004
1466459991	22	20	18	17.5	100	23.75	23	19	32.77	103003
1466459992	22	20	18	17.5	100	23.75	23	19	32.78	103004
1466459993	22	20	18	17.5	100	23.75	23	19	32.78	103008
1466459994	22	20	18	17.5	100	23.75	23	19	32.79	103008
1466459995	22	20	18	17.5	100	23.75	23	19	32.78	103004
1466459996	22	20	18	17.5	100	23.75	23	19	32.8	103005
1466459997	22	20	18	17.5	100	23.75	23	19	32.8	103006
1466459998	22	20	18	17.5	100	23.75	23	19	32.79	103009
1466459999	22	20	18	17.5	100	23.75	23	19	32.81	103011
1466460000	22	20	18	17.5	100	23.75	23	19	32.81	103011
1466460001	22	20	18	17.5	100	23.75	23	19	32.81	103010
1466460002	22	20	18	17.5	100	23.75	23	19	32.82	103013
1466460003	22	20	18	17.5	100	23.75	23	19	32.82	103012
1466460004	22	20	18	17.5	100	23.75	23	19	32.81	103013
1466460005	22	20	18	17.5	100	23.75	23	19	32.83	103012
1466460006	22	20	18	17.5	100	23.75	23	19	32.83	103013
1466460007	22	20	18	17.5	100	23.75	23	19	32.83	103011
1466460008	22	20	18	17.5	100	23.75	23	19	32.83	103014
1466460009	22	20	18	17.5	100	23.75	23	19	32.84	103019
1466460010	22	20	18	17.5	100	23.75	23	19	32.85	103014
1466460011	22	20	18	17.5	100	23.75	23	19	32.85	103019
1466460012	22	20	18	17.5	100	23.75	23	19	32.85	103016
1466460013	22	20	18	17.5	100	23.75	23	19	32.85	103017
1466460014	22	20	18	17.5	100	23.75	23	19	32.86	103016
1466460015	22	20	18	17.5	100	23.75	23	19	32.86	103018
1466460016	22	20	18	17.5	100	23.75	23	19	32.87	103020
1466460017	22	20	18	17.5	100	23.75	23	19	32.88	103021
1466460018	22	20	18	17.5	100	23.75	23	19	32.88	103024
1466460019	22	20	18	17.5	100	23.75	23	19	32.88	103020
1466460020	22	20	18	17.5	100	23.75	23	19	32.89	103021
1466460021	22	20	18	17.5	100	23.75	23	19	32.89	103021
1466460022	22	20	18	17.5	100	23.75	23	19	32.9	103022
1466460023	22	20	18	17.5	100	23.75	23	19	32.9	103022
1466460024	22	20	18	17.5	100	23.75	23	19	32.9	103024
1466460025	22	20	18	17.5	100	23.75	23	19	32.9	103025
1466460026	22	20	18	17.5	100	23.75	23	19	32.91	103027
1466460027	22	20	18	17.5	100	23.75	23	19	32.92	103025
1466460028	22	20	18	17.5	100	23.75	23	19	32.92	103029
1466460029	22	20	18	17.5	100	23.75	23	19	32.92	103026
1466460030	22	20	18	17.5	100	23.75	23	19	32.93	103027
1466460031	22	20	18	17.5	100	23.75	23	19	32.93	103027
1466460032	22	20	18	17.5	100	23.75	23	19	32.93	103029
1466460033	22	20	18	17.5	100	23.75	23	19	32.93	103030
1466460034	22	20	18	17.5	100	23.75	23	19	32.94	103031
1466460035	22	20	18	17.5	100	23.75	23	19	32.95	103032
1466460036	22	20	18	17.5	100	23.75	23	19	32.94	103032
1466460037	22	20	18	17.5	100	23.75	23	19	32.95	103034
1466460038	22	20	18	17.5	100	23.75	23	19	32.96	103035
1466460039	22	20	18	17.5	100	23.75	23	19	32.96	103033
1466460040	22	20	18	17.5	100	23.75	23	19	32.96	103033
1466460041	22	20	18	17.5	100	23.75	23	19	32.96	103035
1466460042	22	20	18	17.5	100	23.75	23	19	32.97	103035
1466460043	22	20	18	17.5	100	23.75	23	19	32.98	103038
1466460044	22	20	18	17.5	100	23.75	23	19	32.97	103036
1466460045	22	20	18	17.5	100	23.75	23	19	32.98	103036
1466460046	22	20	18	17.5	100	23.75	23	19	32.98	103037
1466460047	22	20	18	17.5	100	23.75	23	19	32.99	103037
1466460048	22	20	18	17.5	100	23.75	23	19	32.98	103037
1466460049	22	20	18	17.5	100	23.75	23	19	32.99	103038
1466460050	22	20	18	17.5	100	23.75	23	19	33	103042
1466460051	22	20	18	17.5	100	23.75	23	19	33.01	103042
1466460052	22	20	18	17.5	100	23.75	23	19	33.01	103040
1466460053	22	20	18	17.5	100	23.75	23	19	33	103038
1466460054	22	20	18	17.5	100	23.75	23	19	33.01	103042
1466460055	22	20	18	17.5	100	23.75	23	19	33.01	103044
1466460056	22	20	18	17.5	100	23.75	23	19	33.02	103044
1466460057	22	20	18	17.5	100	23.75	23	19	33.01	103043
1466460058	22	20	18	17.5	100	23.75	23	19	33.03	103044
1466460059	22	20	18	17.5	100	23.75	23	19	33.03	103044
1466460060	22	20	18	17.5	100	23.75	23	19	33.03	103046
1466460061	22	20	18	17.5	100	23.75	23	19	33.03	103047
1466460062	22	20	18	17.5	100	23.75	23	19	33.05	103048
1466460063	22	20	18	17.5	100	23.75	23	19	33.05	103049
1466460064	22	20	18	17.5	100	23.75	23	19	33.05	103047
1466460065	22	20	18	17.5	100	23.75	23	19	33.04	103051
1466460066	22	20	18	17.5	100	23.75	23	19	33.05	103049
1466460067	22	20	18	17.5	100	23.75	23	19	33.05	103049
1466460068	22	20	18	17.5	100	23.75	23	19	33.07	103051
1466460069	22	20	18	17.5	100	23.75	23	19	33.06	103049
1466460070	22	20	18	17.5	100	23.75	23	19	33.07	103054
1466460071	22	20	18	17.5	100	23.75	23	19	33.07	103052
1466460072	22	20	18	17.5	100	23.75	23	19	33.07	103052
1466460073	22	20	18	17.5	100	23.75	23	19	33.07	103051
1466460074	22	20	18	17.5	100	23.75	23	19	33.08	103054
1466460075	22	20	18	17.5	100	23.75	23	19	33.09	103056
1466460076	22	20	18	17.5	100	23.75	23	19	33.09	103062
1466460077	22	20	18	17.5	100	23.75	23	19	33.1	103056
1466460078	22	20	18	17.5	100	23.75	23	19	33.08	103056
1466460079	22	20	18	17.5	100	23.75	23	19	33.11	103059
1466460080	22	20	18	17.5	100	23.75	23	19	33.11	103059
1466460081	22	20	18	17.5	100	23.75	23	19	33.11	103057
1466460082	22	20	18	17.5	100	23.75	23	19	33.12	103061
1466460083	22	20	18	17.5	100	23.75	23	19	33.12	103062
1466460084	22	20	18	17.5	100	23.75	23	19	33.11	103061
1466460085	22	20	18	17.5	100	23.75	23	19	33.12	103066
1466460086	22	20	18	17.5	100	23.75	23	19	33.12	103061
1466460087	22	20	18	17.5	100	23.75	23	19	33.12	103065
1466460088	22	20	18	17.5	100	23.75	23	19	33.13	103063
1466460089	22	20	18	17.5	100	23.75	23	19	33.13	103065
1466460090	22	20	18	17.5	100	23.75	23	19	33.12	103060
1466460091	22	20	18	17.5	100	23.75	23	19	33.14	103067
1466460092	22	20	18	17.5	100	23.75	23	19	33.15	103065
1466460093	22	20	18	17.5	100	23.75	23	19	33.14	103068
1466460094	22	20	18	17.5	100	23.75	23	19	33.16	103071
1466460095	22	20	18	17.5	100	23.75	23	19	33.15	103069
1466460096	22	20	18	17.5	100	23.75	23	19	33.16	103070
1466460097	22	20	18	17.5	100	23.75	23	19	33.16	103070
1466460098	22	20	18	17.5	100	23.75	23	19	33.17	103072
1466460099	22	20	18	17.5	100	23.75	23	19	33.17	103076
1466460100	22	20	18	17.5	100	23.75	23	19	33.17	103072
1466460101	22	20	18	17.5	100	23.75	23	19	33.17	103077
1466460102	22	20	18	17.5	100	23.75	23	19	33.17	103070
1466460103	22	20	18	17.5	100	23.75	23	19	33.18	103073
1466460104	22	20	18	17.5	100	23.75	23	19	33.19	103070
1466460105	22	20	18	17.5	100	23.75	23	19	33.18	103073
1466460106	22	20	18	17.5	100	23.75	23	19	33.19	103075
1466460107	22	20	18	17.5	100	23.75	23	19	33.2	103079
1466460108	22	20	18	17.5	100	23.75	23	19	33.2	103079
1466460109	22	20	18	17.5	100	23.75	23	19	33.19	103078
1466460110	22	20	18	17.5	100	23.75	23	19	33.2	103076
1466460111	22	20	18	17.5	100	23.75	23	19	33.19	103077
1466460112	22	20	18	17.5	100	23.75	23	19	33.19	103076
1466460113	22	20	18	17.5	100	23.75	23	19	33.21	103079
1466460114	22	20	18	17.5	100	23.75	23	19	33.22	103084
1466460115	22	20	18	17.5	100	23.75	23	19	33.2	103078
1466460116	22	20	18	17.5	100	23.75	23	19	33.22	103080
1466460117	22	20	18	17.5	100	23.75	23	19	33.22	103083
1466460118	22	20	18	17.5	100	23.75	23	19	33.23	103083
1466460119	22	20	18	17.5	100	23.75	23	19	33.23	103082
1466460120	22	20	18	17.5	100	23.75	23	19	33.23	103084
1466460121	22	20	18	17.5	100	23.75	23	19	33.23	103085
1466460122	22	20	18	17.5	100	23.75	23	19	33.24	103082
1466460123	22	20	18	17.5	100	23.75	23	19	33.24	103085
1466460124	22	20	18	17.5	100	23.75	23	19	33.25	103086
1466460125	22	20	18	17.5	100	23.75	23	19	33.25	103086
1466460126	22	20	18	17.5	100	23.75	23	19	33.25	103087
1466460127	22	20	18	17.5	100	23.75	23	19	33.25	103088
1466460128	22	20	18	17.5	100	23.75	23	19	33.25	103091
1466460129	22	20	18	17.5	100	23.75	23	19	33.26	103089
1466460130	22	20	18	17.5	100	23.75	23	19	33.26	103089
1466460131	22	20	18	17.5	100	23.75	23	19	33.27	103093
1466460132	22	20	18	17.5	100	23.75	23	19	33.27	103091
1466460133	22	20	18	17.5	100	23.75	23	19	33.27	103089
1466460134	22	20	18	17.5	100	23.75	23	19	33.28	103095
1466460135	22	20	18	17.5	100	23.75	23	19	33.28	103095
1466460136	22	20	18	17.5	100	23.75	23	19	33.29	103095
1466460137	22	20	18	17.5	100	23.75	23	19	33.28	103098
1466460138	22	20	18	17.5	100	23.75	23	19	33.29	103097
1466460139	22	20	18	17.5	100	23.75	23	19	33.3	103096
1466460140	22	20	18	17.5	100	23.75	23	19	33.3	103097
1466460141	22	20	18	17.5	100	23.75	23	19	33.31	103098
1466460142	22	20	18	17.5	100	23.75	23	19	33.31	103097
1466460143	22	20	18	17.5	100	23.75	23	19	33.3	103101
1466460144	22	20	18	17.5	100	23.75	23	19	33.3	103101
1466460145	22	20	18	17.5	100	23.75	23	19	33.32	103107
1466460146	22	20	18	17.5	100	23.75	23	19	33.31	103105
1466460147	22	20	18	17.5	100	23.75	23	19	33.32	103104
1466460148	22	20	18	17.5	100	23.75	23	19	33.31	103102
1466460149	22	20	18	17.5	100	23.75	23	19	33.32	103100
1466460150	22	20	18	17.5	100	23.75	23	19	33.32	103099
1466460151	22	20	18	17.5	100	23.75	23	19	33.33	103102
1466460152	22	20	18	17.5	100	23.75	23	19	33.33	103102
1466460153	22	20	18	17.5	100	23.75	23	19	33.33	103107
1466460154	22	20	18	17.5	100	23.75	23	19	33.33	103106
1466460155	22	20	18	17.5	100	23.75	23	19	33.33	103106
1466460156	22	20	18	17.5	100	23.75	23	19	33.34	103105
1466460157	22	20	18	17.5	100	23.75	23	19	33.33	103104
1466460158	22	20	18	17.5	100	23.75	23	19	33.35	103109
1466460159	22	20	18	17.5	100	23.75	23	19	33.35	103109
1466460160	22	20	18	17.5	100	23.75	23	19	33.35	103108
1466460161	22	20	18	17.5	100	23.75	23	19	33.36	103108
1466460162	22	20	18	17.5	100	23.75	23	19	33.36	103109
1466460163	22	20	18	17.5	100	23.75	23	19	33.36	103112
1466460164	22	20	18	17.5	100	23.75	23	19	33.36	103109
1466460165	22	20	18	17.5	100	23.75	23	19	33.36	103110
1466460166	22	20	18	17.5	100	23.75	23	19	33.36	103111
1466460167	22	20	18	17.5	100	23.75	23	19	33.36	103112
1466460168	22	20	18	17.5	100	23.75	23	19	33.37	103111
1466460169	22	20	18	17.5	100	23.75	23	19	33.37	103105
1466460170	22	20	18	17.5	100	23.75	23	19	33.37	103110
1466460171	22	20	18	17.5	100	23.75	23	19	33.37	103110
1466460172	22	20	18	17.5	100	23.75	23	19	33.38	103110
1466460173	22	20	18	17.5	100	23.75	23	19	33.38	103115
1466460174	22	20	18	17.5	100	23.75	23	19	33.39	103116
1466460175	22	20	18	17.5	100	23.75	23	19	33.39	103111
1466460176	22	20	18	17.5	100	23.75	23	19	33.39	103115
1466460177	22	20	18	17.5	100	23.75	23	19	33.38	103112
1466460178	22	20	18	17.5	100	23.75	23	19	33.41	103119
1466460179	22	20	18	17.5	100	23.75	23	19	33.4	103119
1466460180	22	20	18	17.5	100	23.75	23	19	33.41	103119
1466460181	22	20	18	17.5	100	23.75	23	19	33.41	103119
1466460182	22	20	18	17.5	100	23.75	23	19	33.41	103120
1466460183	22	20	18	17.5	100	23.75	23	19	33.42	103122
1466460184	22	20	18	17.5	100	23.75	23	19	33.42	103122
1466460185	22	20	18	17.5	100	23.75	23	19	33.42	103121
1466460186	22	20	18	17.5	100	23.75	23	19	33.42	103123
1466460187	22	20	18	17.5	100	23.75	23	19	33.43	103125
1466460188	22	20	18	17.5	100	23.75	23	19	33.42	103122
1466460189	22	20	18	17.5	100	23.75	23	19	33.43	103123
1466460190	22	20	18	17.5	100	23.75	23	19	33.43	103128
1466460191	22	20	18	17.5	100	23.75	23	19	33.44	103123
1466460192	22	20	18	17.5	100	23.75	23	19	33.43	103126
1466460193	22	20	18	17.5	100	23.75	23	19	33.44	103128
1466460194	22	20	18	17.5	100	23.75	23	19	33.44	103125
1466460195	22	20	18	17.5	100	23.75	23	19	33.46	103127
1466460196	22	20	18	17.5	100	23.75	23	19	33.44	103127
1466460197	22	20	18	17.5	100	23.75	23	19	33.45	103128
1466460198	22	20	18	17.5	100	23.75	23	19	33.46	103131
1466460199	22	20	18	17.5	100	23.75	23	19	33.45	103130
1466460200	22	20	18	17.5	100	23.75	23	19	33.46	103131
1466460201	22	20	18	17.5	100	23.75	23	19	33.46	103129
1466460202	22	20	18	17.5	100	23.75	23	19	33.47	103134
1466460203	22	20	18	17.5	100	23.75	23	19	33.46	103132
1466460204	22	20	18	17.5	100	23.75	23	19	33.46	103132
1466460205	22	20	18	17.5	100	23.75	23	19	33.46	103133
1466460206	22	20	18	17.5	100	23.75	23	19	33.47	103132
1466460207	22	20	18	17.5	100	23.75	23	19	33.48	103135
1466460208	22	20	18	17.5	100	23.75	23	19	33.48	103135
1466460209	22	20	18	17.5	100	23.75	23	19	33.48	103135
1466460210	22	20	18	17.5	100	23.75	23	19	33.48	103136
1466460211	22	20	18	17.5	100	23.75	23	19	33.49	103137
1466460212	22	20	18	17.5	100	23.75	23	19	33.5	103139
1466460213	22	20	18	17.5	100	23.75	23	19	33.49	103135
1466460214	22	20	18	17.5	100	23.75	23	19	33.5	103139
1466460215	22	20	18	17.5	100	23.75	23	19	33.5	103138
1466460216	22	20	18	17.5	100	23.75	23	19	33.5	103139
1466460217	22	20	18	17.5	100	23.75	23	19	33.5	103137
1466460218	22	20	18	17.5	100	23.75	23	19	33.51	103141
1466460219	22	20	18	17.5	100	23.75	23	19	33.5	103139
1466460220	22	20	18	17.5	100	23.75	23	19	33.51	103143
1466460221	22	20	18	17.5	100	23.75	23	19	33.52	103141
1466460222	22	20	18	17.5	100	23.75	23	19	33.51	103141
1466460223	22	20	18	17.5	100	23.75	23	19	33.52	103144
1466460224	22	20	18	17.5	100	23.75	23	19	33.52	103141
1466460225	22	20	18	17.5	100	23.75	23	19	33.52	103146
1466460226	22	20	18	17.5	100	23.75	23	19	33.53	103145
1466460227	22	20	18	17.5	100	23.75	23	19	33.53	103146
1466460228	22	20	18	17.5	100	23.75	23	19	33.54	103148
1466460229	22	20	18	17.5	100	23.75	23	19	33.53	103147
1466460230	22	20	18	17.5	100	23.75	23	19	33.53	103143
1466460231	22	20	18	17.5	100	23.75	23	19	33.54	103148
1466460232	22	20	18	17.5	100	23.75	23	19	33.54	103146
1466460233	22	20	18	17.5	100	23.75	23	19	33.54	103150
1466460234	22	20	18	17.5	100	23.75	23	19	33.55	103150
1466460235	22	20	18	17.5	100	23.75	23	19	33.55	103152
1466460236	22	20	18	17.5	100	23.75	23	19	33.55	103151
1466460237	22	20	18	17.5	100	23.75	23	19	33.55	103149
1466460238	22	20	18	17.5	100	23.75	23	19	33.55	103151
1466460239	22	20	18	17.5	100	23.75	23	19	33.56	103152
1466460240	22	20	18	17.5	100	23.75	23	19	33.56	103153
1466460241	22	20	18	17.5	100	23.75	23	19	33.55	103150
1466460242	22	20	18	17.5	100	23.75	23	19	33.56	103151
1466460243	22	20	18	17.5	100	23.75	23	19	33.56	103155
1466460244	22	20	18	17.5	100	23.75	23	19	33.56	103151
1466460245	22	20	18	17.5	100	23.75	23	19	33.56	103152
1466460246	22	20	18	17.5	100	23.75	23	19	33.58	103156
1466460247	22	20	18	17.5	100	23.75	23	19	33.58	103151
1466460248	22	20	18	17.5	100	23.75	23	19	33.58	103156
1466460249	22	20	18	17.5	100	23.75	23	19	33.59	103156
1466460250	22	20	18	17.5	100	23.75	23	19	33.58	103159
1466460251	22	20	18	17.5	100	23.75	23	19	33.59	103156
1466460252	22	20	18	17.5	100	23.75	23	19	33.59	103159
1466460253	22	20	18	17.5	100	23.75	23	19	33.59	103159
1466460254	22	20	18	17.5	100	23.75	23	19	33.59	103156
1466460255	22	20	18	17.5	100	23.75	23	19	33.59	103160
1466460256	22	20	18	17.5	100	23.75	23	19	33.59	103162
1466460257	22	20	18	17.5	100	23.75	23	19	33.6	103161
1466460258	22	20	18	17.5	100	23.75	23	19	33.6	103160
1466460259	22	20	18	17.5	100	23.75	23	19	33.6	103161
1466460260	22	20	18	17.5	100	23.75	23	19	33.61	103163
1466460261	22	20	18	17.5	100	23.75	23	19	33.61	103162
1466460262	22	20	18	17.5	100	23.75	23	19	33.61	103163
1466460263	22	20	18	17.5	100	23.75	23	19	33.61	103163
1466460264	22	20	18	17.5	100	23.75	23	19	33.62	103163
1466460265	22	20	18	17.5	100	23.75	23	19	33.61	103163
1466460266	22	20	18	17.5	100	23.75	23	19	33.61	103163
1466460267	22	20	18	17.5	100	23.75	23	19	33.63	103166
1466460268	22	20	18	17.5	100	23.75	23	19	33.62	103168
1466460269	22	20	18	17.5	100	23.75	23	19	33.63	103168
1466460270	22	20	18	17.5	100	23.75	23	19	33.62	103164
1466460271	22	20	18	17.5	100	23.75	23	19	33.63	103169
1466460272	22	20	18	17.5	100	23.75	23	19	33.63	103169
1466460273	22	20	18	17.5	100	23.75	23	19	33.64	103168
1466460274	22	20	18	17.5	100	23.75	23	19	33.64	103169
1466460275	22	20	18	17.5	100	23.75	23	19	33.63	103167
1466460276	22	20	18	17.5	100	23.75	23	19	33.64	103168
1466460277	22	20	18	17.5	100	23.75	23	19	33.64	103170
1466460278	22	20	18	17.5	100	23.75	23	19	33.64	103171
1466460279	22	20	18	17.5	100	23.75	23	19	33.64	103170
1466460280	22	20	18	17.5	100	23.75	23	19	33.64	103171
1466460281	22	20	18	17.5	100	23.75	23	19	33.66	103173
1466460282	22	20	18	17.5	100	23.75	23	19	33.65	103175
1466460283	22	20	18	17.5	100	23.75	23	19	33.65	103173
1466460284	22	20	18	17.5	100	23.75	23	19	33.66	103176
1466460285	22	20	18	17.5	100	23.75	23	19	33.65	103173
1466460286	22	20	18	17.5	100	23.75	23	19	33.66	103176
1466460287	22	20	18	17.5	100	23.75	23	19	33.66	103174
1466460288	22	20	18	17.5	100	23.75	23	19	33.67	103176
1466460289	22	20	18	17.5	100	23.75	23	19	33.68	103176
1466460290	22	20	18	17.5	100	23.75	23	19	33.66	103178
1466460291	22	20	18	17.5	100	23.75	23	19	33.67	103177
1466460292	22	20	18	17.5	100	23.75	23	19	33.67	103179
1466460293	22	20	18	17.5	100	23.75	23	19	33.67	103178
1466460294	22	20	18	17.5	100	23.75	23	19	33.68	103180
1466460295	22	20	18	17.5	100	23.75	23	19	33.68	103182
1466460296	22	20	18	17.5	100	23.75	23	19	33.68	103178
1466460297	22	20	18	17.5	100	23.75	23	19	33.69	103183
1466460298	22	20	18	17.5	100	23.75	23	19	33.68	103178
1466460299	22	20	18	17.5	100	23.75	23	19	33.68	103181
1466460300	22	20	18	17.5	100	23.75	23	19	33.68	103180
1466460301	22	20	18	17.5	100	23.75	23	19	33.7	103183
1466460302	22	20	18	17.5	100	23.75	23	19	33.7	103182
1466460303	22	20	18	17.5	100	23.75	23	19	33.69	103181
1466460304	22	20	18	17.5	100	23.75	23	19	33.7	103185
1466460305	22	20	18	17.5	100	23.75	23	19	33.71	103186
1466460306	22	20	18	17.5	100	23.75	23	19	33.71	103185
1466460307	22	20	18	17.5	100	23.75	23	19	33.71	103189
1466460308	22	20	18	17.5	100	23.75	23	19	33.71	103190
1466460309	22	20	18	17.5	100	23.75	23	19	33.71	103191
1466460310	22	20	18	17.5	100	23.75	23	19	33.71	103188
1466460311	22	20	18	17.5	100	23.75	23	19	33.72	103190
1466460312	22	20	18	17.5	100	23.75	23	19	33.72	103188
1466460313	22	20	18	17.5	100	23.75	23	19	33.71	103190
1466460314	22	20	18	17.5	100	23.75	23	19	33.72	103190
1466460315	22	20	18	17.5	100	23.75	23	19	33.72	103189
1466460316	22	20	18	17.5	100	23.75	23	19	33.72	103190
1466460317	22	20	18	17.5	100	23.75	23	19	33.72	103190
1466460318	22	20	18	17.5	100	23.75	23	19	33.73	103190
1466460319	22	20	18	17.5	100	23.75	23	19	33.73	103193
1466460320	22	20	18	17.5	100	23.75	23	19	33.73	103190
1466460321	22	20	18	17.5	100	23.75	23	19	33.73	103195
1466460322	22	20	18	17.5	100	23.75	23	19	33.75	103193
1466460323	22	20	18	17.5	100	23.75	23	19	33.75	103195
1466460324	22	20	18	17.5	100	23.75	23	19	33.74	103195
1466460325	22	20	18	17.5	100	23.75	23	19	33.75	103196
1466460326	22	20	18	17.5	100	23.75	23	19	33.75	103199
1466460327	22	20	18	17.5	100	23.75	23	19	33.75	103194
1466460328	22	20	18	17.5	100	23.75	23	19	33.75	103197
1466460329	22	20	18	17.5	100	23.75	23	19	33.76	103198
1466460330	22	20	18	17.5	100	23.75	23	19	33.77	103199
1466460331	22	20	18	17.5	100	23.75	23	19	33.76	103197
1466460332	22	20	18	17.5	100	23.75	23	19	33.76	103194
1466460333	22	20	18	17.5	100	23.75	23	19	33.77	103202
1466460334	22	20	18	17.5	100	23.75	23	19	33.76	103197
1466460335	22	20	18	17.5	100	23.75	23	19	33.77	103202
1466460336	22	20	18	17.5	100	23.75	23	19	33.77	103200
1466460337	22	20	18	17.5	100	23.75	23	19	33.78	103204
1466460338	22	20	18	17.5	100	23.75	23	19	33.77	103204
1466460339	22	20	18	17.5	100	23.75	23	19	33.77	103202
1466460340	22	20	18	17.5	100	23.75	23	19	33.78	103202
1466460341	22	20	18	17.5	100	23.75	23	19	33.78	103201
1466460342	22	20	18	17.5	100	23.75	23	19	33.78	103204
1466460343	22	20	18	17.5	100	23.75	23	19	33.78	103205
1466460344	22	20	18	17.5	100	23.75	23	19	33.78	103202
1466460345	22	20	18	17.5	100	23.75	23	19	33.79	103206
1466460346	22	20	18	17.5	100	23.75	23	19	33.8	103206
1466460347	22	20	18	17.5	100	23.75	23	19	33.8	103209
1466460348	22	20	18	17.5	100	23.75	23	19	33.8	103208
1466460349	22	20	18	17.5	100	23.75	23	19	33.8	103209
1466460350	22	20	18	17.5	100	23.75	23	19	33.8	103208
1466460351	22	20	18	17.5	100	23.75	23	19	33.8	103208
1466460352	22	20	18	17.5	100	23.75	23	19	33.8	103209
1466460353	22	20	18	17.5	100	23.75	23	19	33.81	103211
1466460354	22	20	18	17.5	100	23.75	23	19	33.81	103207
1466460355	22	20	18	17.5	100	23.75	23	19	33.81	103206
1466460356	22	20	18	17.5	100	23.75	23	19	33.81	103209
1466460357	22	20	18	17.5	100	23.75	23	19	33.82	103208
1466460358	22	20	18	17.5	100	23.75	23	19	33.82	103209
1466460359	22	20	18	17.5	100	23.75	23	19	33.82	103207
1466460360	22	20	18	17.5	100	23.75	23	19	33.82	103212
1466460361	22	20	18	17.5	100	23.75	23	19	33.82	103209
1466460362	22	20	18	17.5	100	23.75	23	19	33.82	103212
1466460363	22	20	18	17.5	100	23.75	23	19	33.82	103212
1466460364	22	20	18	17.5	100	23.75	23	19	33.83	103213
1466460365	22	20	18	17.5	100	23.75	23	19	33.84	103217
1466460366	22	20	18	17.5	100	23.75	23	19	33.82	103215
1466460367	22	20	18	17.5	100	23.75	23	19	33.83	103215
1466460368	22	20	18	17.5	100	23.75	23	19	33.84	103217
1466460369	22	20	18	17.5	100	23.75	23	19	33.83	103216
1466460370	22	20	18	17.5	100	23.75	23	19	33.83	103216
1466460371	22	20	18	17.5	100	23.75	23	19	33.83	103216
1466460372	22	20	18	17.5	100	23.75	23	19	33.84	103218
1466460373	22	20	18	17.5	100	23.75	23	19	33.84	103220
1466460374	22	20	18	17.5	100	23.75	23	19	33.84	103216
1466460375	22	20	18	17.5	100	23.75	23	19	33.84	103215
1466460376	22	20	18	17.5	100	23.75	23	19	33.84	103217
1466460377	22	20	18	17.5	100	23.75	23	19	33.86	103217
1466460378	22	20	18	17.5	100	23.75	23	19	33.86	103221
1466460379	22	20	18	17.5	100	23.75	23	19	33.85	103217
1466460380	22	20	18	17.5	100	23.75	23	19	33.86	103221
1466460381	22	20	18	17.5	100	23.75	23	19	33.85	103223
1466460382	22	20	18	17.5	100	23.75	23	19	33.86	103223
1466460383	22	20	18	17.5	100	23.75	23	19	33.86	103219
1466460384	22	20	18	17.5	100	23.75	23	19	33.86	103223
1466460385	22	20	18	17.5	100	23.75	23	19	33.87	103224
1466460386	22	20	18	17.5	100	23.75	23	19	33.87	103223
1466460387	22	20	18	17.5	100	23.75	23	19	33.87	103223
1466460388	22	20	18	17.5	100	23.75	23	19	33.87	103225
1466460389	22	20	18	17.5	100	23.75	23	19	33.88	103223
1466460390	22	20	18	17.5	100	23.75	23	19	33.87	103225
1466460391	22	20	18	17.5	100	23.75	23	19	33.87	103227
1466460392	22	20	18	17.5	100	23.75	23	19	33.87	103224
1466460393	22	20	18	17.5	100	23.75	23	19	33.89	103228
1466460394	22	20	18	17.5	100	23.75	23	19	33.88	103229
1466460395	22	20	18	17.5	100	23.75	23	19	33.89	103229
1466460396	22	20	18	17.5	100	23.75	23	19	33.89	103228
1466460397	22	20	18	17.5	100	23.75	23	19	33.88	103226
1466460398	22	20	18	17.5	100	23.75	23	19	33.89	103228
1466460399	22	20	18	17.5	100	23.75	23	19	33.89	103230
1466460400	22	20	18	17.5	100	23.75	23	19	33.89	103228
1466460401	22	20	18	17.5	100	23.75	23	19	33.9	103231
1466460402	22	20	18	17.5	100	23.75	23	19	33.9	103229
1466460403	22	20	18	17.5	100	23.75	23	19	33.91	103231
1466460404	22	20	18	17.5	100	23.75	23	19	33.9	103232
1466460405	22	20	18	17.5	100	23.75	23	19	33.91	103231
1466460406	22	20	18	17.5	100	23.75	23	19	33.9	103228
1466460407	22	20	18	17.5	100	23.75	23	19	33.9	103231
1466460408	22	20	18	17.5	100	23.75	23	19	33.91	103232
1466460409	22	20	18	17.5	100	23.75	23	19	33.91	103235
1466460410	22	20	18	17.5	100	23.75	23	19	33.91	103232
1466460411	22	20	18	17.5	100	23.75	23	19	33.91	103232
1466460412	22	20	18	17.5	100	23.75	23	19	33.92	103235
1466460413	22	20	18	17.5	100	23.75	23	19	33.92	103237
1466460414	22	20	18	17.5	100	23.75	23	19	33.92	103237
1466460415	22	20	18	17.5	100	23.75	23	19	33.92	103237
1466460416	22	20	18	17.5	100	23.75	23	19	33.92	103238
1466460417	22	20	18	17.5	100	23.75	23	19	33.93	103239
1466460418	22	20	18	17.5	100	23.75	23	19	33.93	103239
1466460419	22	20	18	17.5	100	23.75	23	19	33.93	103237
1466460420	22	20	18	17.5	100	23.75	23	19	33.93	103239
1466460421	22	20	18	17.5	100	23.75	23	19	33.92	103239
1466460422	22	20	18	17.5	100	23.75	23	19	33.94	103243
1466460423	22	20	18	17.5	100	23.75	23	19	33.94	103240
1466460424	22	20	18	17.5	100	23.75	23	19	33.94	103240
1466460425	22	20	18	17.5	100	23.75	23	19	33.93	103239
1466460426	22	20	18	17.5	100	23.75	23	19	33.95	103243
1466460427	22	20	18	17.5	100	23.75	23	19	33.94	103241
1466460428	22	20	18	17.5	100	23.75	23	19	33.93	103239
1466460429	22	20	18	17.5	100	23.75	23	19	33.95	103241
1466460430	22	20	18	17.5	100	23.75	23	19	33.95	103246
1466460431	22	20	18	17.5	100	23.75	23	19	33.96	103245
1466460432	22	20	18	17.5	100	23.75	23	19	33.96	103247
1466460433	22	20	18	17.5	100	23.75	23	19	33.94	103244
1466460434	22	20	18	17.5	100	23.75	23	19	33.95	103248
1466460435	22	20	18	17.5	100	23.75	23	19	33.94	103245
1466460436	22	20	18	17.5	100	23.75	23	19	33.95	103246
1466460437	22	20	18	17.5	100	23.75	23	19	33.96	103249
1466460438	22	20	18	17.5	100	23.75	23	19	33.95	103247
1466460439	22	20	18	17.5	100	23.75	23	19	33.96	103249
1466460440	22	20	18	17.5	100	23.75	23	19	33.97	103250
1466460441	22	20	18	17.5	100	23.75	23	19	33.97	103249
1466460442	22	20	18	17.5	100	23.75	23	19	33.97	103250
1466460443	22	20	18	17.5	100	23.75	23	19	33.97	103248
1466460444	22	20	18	17.5	100	23.75	23	19	33.96	103251
1466460445	22	20	18	17.5	100	23.75	23	19	33.97	103252
1466460446	22	20	18	17.5	100	23.75	23	19	33.97	103250
1466460447	22	20	18	17.5	100	23.75	23	19	33.98	103250
1466460448	22	20	18	17.5	100	23.75	23	19	33.98	103251
1466460449	22	20	18	17.5	100	23.75	23	19	33.98	103254
1466460450	22	20	18	17.5	100	23.75	23	19	33.98	103253
1466460451	22	20	18	17.5	100	23.75	23	19	33.99	103256
1466460452	22	20	18	17.5	100	23.75	23	19	33.98	103257
1466460453	22	20	18	17.5	100	23.75	23	19	33.99	103256
1466460454	22	20	18	17.5	100	23.75	23	19	33.99	103258
1466460455	22	20	18	17.5	100	23.75	23	19	33.99	103255
1466460456	22	20	18	17.5	100	23.75	23	19	33.99	103259
1466460457	22	20	18	17.5	100	23.75	23	19	34	103259
1466460458	22	20	18	17.5	100	23.75	23	19	34	103257
1466460459	22	20	18	17.5	100	23.75	23	19	34.01	103261
1466460460	22	20	18	17.5	100	23.75	23	19	34.01	103258
1466460461	22	20	18	17.5	100	23.75	23	19	34	103261
1466460462	22	20	18	17.5	100	23.75	23	19	34.01	103260
1466460463	22	20	18	17.5	100	23.75	23	19	34.01	103261
1466460464	22	20	18	17.5	100	23.75	23	19	34	103262
1466460465	22	20	18	17.5	100	23.75	23	19	34.01	103264
1466460466	22	20	18	17.5	100	23.75	23	19	34.01	103265
1466460467	22	20	18	17.5	100	23.75	23	19	34.01	103263
1466460468	22	20	18	17.5	100	23.75	23	19	34.02	103264
1466460469	22	20	18	17.5	100	23.75	23	19	34.01	103266
1466460470	22	20	18	17.5	100	23.75	23	19	34.01	103267
1466460471	22	20	18	17.5	100	23.75	23	19	34.01	103267
1466460472	22	20	18	17.5	100	23.75	23	19	34.01	103266
1466460473	22	20	18	17.5	100	23.75	23	19	34.02	103270
1466460474	22	20	18	17.5	100	23.75	23	19	34.01	103268
1466460475	22	20	18	17.5	100	23.75	23	19	34.02	103266
1466460476	22	20	18	17.5	100	23.75	23	19	34.03	103270
1466460477	22	20	18	17.5	100	23.75	23	19	34.03	103271
1466460478	22	20	18	17.5	100	23.75	23	19	34.02	103270
1466460479	22	20	18	17.5	100	23.75	23	19	34.02	103271
1466460480	22	20	18	17.5	100	23.75	23	19	34.03	103274
1466460481	22	20	18	17.5	100	23.75	23	19	34.04	103275
1466460482	22	20	18	17.5	100	23.75	23	19	34.05	103276
1466460483	22	20	18	17.5	100	23.75	23	19	34.03	103274
1466460484	22	20	18	17.5	100	23.75	23	19	34.04	103275
1466460485	22	20	18	17.5	100	23.75	23	19	34.05	103278
1466460486	22	20	18	17.5	100	23.75	23	19	34.05	103277
1466460487	22	20	18	17.5	100	23.75	23	19	34.06	103280
1466460488	22	20	18	17.5	100	23.75	23	19	34.05	103276
1466460489	22	20	18	17.5	100	23.75	23	19	34.05	103279
1466460490	22	20	18	17.5	100	23.75	23	19	34.06	103281
1466460491	22	20	18	17.5	100	23.75	23	19	34.06	103282
1466460492	22	20	18	17.5	100	23.75	23	19	34.05	103282
1466460493	22	20	18	17.5	100	23.75	23	19	34.06	103281
1466460494	22	20	18	17.5	100	23.75	23	19	34.06	103283
1466460495	22	20	18	17.5	100	23.75	23	19	34.06	103283
1466460496	22	20	18	17.5	100	23.75	23	19	34.07	103285
1466460497	22	20	18	17.5	100	23.75	23	19	34.07	103287
1466460498	22	20	18	17.5	100	23.75	23	19	34.07	103286
1466460499	22	20	18	17.5	100	23.75	23	19	34.07	103288
1466460500	22	20	18	17.5	100	23.75	23	19	34.08	103291
1466460501	22	20	18	17.5	100	23.75	23	19	34.07	103289
1466460502	22	20	18	17.5	100	23.75	23	19	34.07	103291
1466460503	22	20	18	17.5	100	23.75	23	19	34.08	103290
1466460504	22	20	18	17.5	100	23.75	23	19	34.08	103291
1466460505	22	20	18	17.5	100	23.75	23	19	34.08	103289
1466460506	22	20	18	17.5	100	23.75	23	19	34.08	103291
1466460507	22	20	18	17.5	100	23.75	23	19	34.08	103292
1466460508	22	20	18	17.5	100	23.75	23	19	34.08	103292
1466460509	22	20	18	17.5	100	23.75	23	19	34.09	103296
1466460510	22	20	18	17.5	100	23.75	23	19	34.09	103295
1466460511	22	20	18	17.5	100	23.75	23	19	34.09	103296
1466460512	22	20	18	17.5	100	23.75	23	19	34.09	103296
1466460513	22	20	18	17.5	100	23.75	23	19	34.1	103296
1466460514	22	20	18	17.5	100	23.75	23	19	34.09	103298
1466460515	22	20	18	17.5	100	23.75	23	19	34.1	103298
1466460516	22	20	18	17.5	100	23.75	23	19	34.1	103296
1466460517	22	20	18	17.5	100	23.75	23	19	34.1	103298
1466460518	22	20	18	17.5	100	23.75	23	19	34.1	103299
1466460519	22	20	18	17.5	100	23.75	23	19	34.1	103300
1466460520	22	20	18	17.5	100	23.75	23	19	34.11	103301
1466460521	22	20	18	17.5	100	23.75	23	19	34.1	103304
1466460522	22	20	18	17.5	100	23.75	23	19	34.11	103301
1466460523	22	20	18	17.5	100	23.75	23	19	34.11	103300
1466460524	22	20	18	17.5	100	23.75	23	19	34.11	103303
1466460525	22	20	18	17.5	100	23.75	23	19	34.12	103303
1466460526	22	20	18	17.5	100	23.75	23	19	34.11	103304
1466460527	22	20	18	17.5	100	23.75	23	19	34.11	103301
1466460528	22	20	18	17.5	100	23.75	23	19	34.12	103305
1466460529	22	20	18	17.5	100	23.75	23	19	34.12	103307
1466460530	22	20	18	17.5	100	23.75	23	19	34.13	103308
1466460531	22	20	18	17.5	100	23.75	23	19	34.12	103306
1466460532	22	20	18	17.5	100	23.75	23	19	34.12	103306
1466460533	22	20	18	17.5	100	23.75	23	19	34.13	103308
1466460534	22	20	18	17.5	100	23.75	23	19	34.14	103308
1466460535	22	20	18	17.5	100	23.75	23	19	34.13	103306
1466460536	22	20	18	17.5	100	23.75	23	19	34.13	103310
1466460537	22	20	18	17.5	100	23.75	23	19	34.13	103310
1466460538	22	20	18	17.5	100	23.75	23	19	34.14	103313
1466460539	22	20	18	17.5	100	23.75	23	19	34.13	103313
1466460540	22	20	18	17.5	100	23.75	23	19	34.14	103313
1466460541	22	20	18	17.5	100	23.75	23	19	34.14	103314
1466460542	22	20	18	17.5	100	23.75	23	19	34.15	103317
1466460543	22	20	18	17.5	100	23.75	23	19	34.15	103317
1466460544	22	20	18	17.5	100	23.75	23	19	34.15	103316
1466460545	22	20	18	17.5	100	23.75	23	19	34.15	103318
1466460546	22	20	18	17.5	100	23.75	23	19	34.16	103317
1466460547	22	20	18	17.5	100	23.75	23	19	34.15	103314
1466460548	22	20	18	17.5	100	23.75	23	19	34.16	103321
1466460549	22	20	18	17.5	100	23.75	23	19	34.16	103322
1466460550	22	20	18	17.5	100	23.75	23	19	34.16	103321
1466460551	22	20	18	17.5	100	23.75	23	19	34.15	103318
1466460552	22	20	18	17.5	100	23.75	23	19	34.16	103324
1466460553	22	20	18	17.5	100	23.75	23	19	34.17	103324
1466460554	22	20	18	17.5	100	23.75	23	19	34.17	103323
1466460555	22	20	18	17.5	100	23.75	23	19	34.17	103322
1466460556	22	20	18	17.5	100	23.75	23	19	34.17	103324
1466460557	22	20	18	17.5	100	23.75	23	19	34.17	103321
1466460558	22	20	18	17.5	100	23.75	23	19	34.17	103323
1466460559	22	20	18	17.5	100	23.75	23	19	34.17	103324
1466460560	22	20	18	17.5	100	23.75	23	19	34.17	103326
1466460561	22	20	18	17.5	100	23.75	23	19	34.18	103328
1466460562	22	20	18	17.5	100	23.75	23	19	34.18	103328
1466460563	22	20	18	17.5	100	23.75	23	19	34.18	103327
1466460564	22	20	18	17.5	100	23.75	23	19	34.18	103328
1466460565	22	20	18	17.5	100	23.75	23	19	34.19	103328
1466460566	22	20	18	17.5	100	23.75	23	19	34.19	103329
1466460567	22	20	18	17.5	100	23.75	23	19	34.21	103332
1466460568	22	20	18	17.5	100	23.75	23	19	34.19	103329
1466460569	22	20	18	17.5	100	23.75	23	19	34.19	103333
1466460570	22	20	18	17.5	100	23.75	23	19	34.19	103333
1466460571	22	20	18	17.5	100	23.75	23	19	34.2	103332
1466460572	22	20	18	17.5	100	23.75	23	19	34.2	103334
1466460573	22	20	18	17.5	100	23.75	23	19	34.21	103336
1466460574	22	20	18	17.5	100	23.75	23	19	34.21	103338
1466460575	22	20	18	17.5	100	23.75	23	19	34.21	103336
1466460576	22	20	18	17.5	100	23.75	23	19	34.21	103335
1466460577	22	20	18	17.5	100	23.75	23	19	34.21	103333
1466460578	22	20	18	17.5	100	23.75	23	19	34.21	103338
1466460579	22	20	18	17.5	100	23.75	23	19	34.21	103337
1466460580	22	20	18	17.5	100	23.75	23	19	34.22	103336
1466460581	22	20	18	17.5	100	23.75	23	19	34.23	103344
1466460582	22	20	18	17.5	100	23.75	23	19	34.22	103340
1466460583	22	20	18	17.5	100	23.75	23	19	34.22	103339
1466460584	22	20	18	17.5	100	23.75	23	19	34.23	103341
1466460585	22	20	18	17.5	100	23.75	23	19	34.22	103342
1466460586	22	20	18	17.5	100	23.75	23	19	34.23	103342
1466460587	22	20	18	17.5	100	23.75	23	19	34.23	103340
1466460588	22	20	18	17.5	100	23.75	23	19	34.24	103346
1466460589	22	20	18	17.5	100	23.75	23	19	34.23	103342
1466460590	22	20	18	17.5	100	23.75	23	19	34.23	103344
1466460591	22	20	18	17.5	100	23.75	23	19	34.24	103344
1466460592	22	20	18	17.5	100	23.75	23	19	34.24	103341
1466460593	22	20	18	17.5	100	23.75	23	19	34.24	103345
1466460594	22	20	18	17.5	100	23.75	23	19	34.25	103347
1466460595	22	20	18	17.5	100	23.75	23	19	34.25	103347
1466460596	22	20	18	17.5	100	23.75	23	19	34.25	103346
1466460597	22	20	18	17.5	100	23.75	23	19	34.25	103347
1466460598	22	20	18	17.5	100	23.75	23	19	34.26	103350
1466460599	22	20	18	17.5	100	23.75	23	19	34.26	103353
1466460600	22	20	18	17.5	100	23.75	23	19	34.25	103351
1466460601	22	20	18	17.5	100	23.75	23	19	34.25	103348
1466460602	22	20	18	17.5	100	23.75	23	19	34.26	103350
1466460603	22	20	18	17.5	100	23.75	23	19	34.26	103351
1466460604	22	20	18	17.5	100	23.75	23	19	34.27	103353
1466460605	22	20	18	17.5	100	23.75	23	19	34.27	103352
1466460606	22	20	18	17.5	100	23.75	23	19	34.26	103351
1466460607	22	20	18	17.5	100	23.75	23	19	34.27	103351
1466460608	22	20	18	17.5	100	23.75	23	19	34.27	103353
1466460609	22	20	18	17.5	100	23.75	23	19	34.27	103355
1466460610	22	20	18	17.5	100	23.75	23	19	34.28	103356
1466460611	22	20	18	17.5	100	23.75	23	19	34.28	103356
1466460612	22	20	18	17.5	100	23.75	23	19	34.28	103356
1466460613	22	20	18	17.5	100	23.75	23	19	34.28	103356
1466460614	22	20	18	17.5	100	23.75	23	19	34.28	103357
1466460615	22	20	18	17.5	100	23.75	23	19	34.29	103361
1466460616	22	20	18	17.5	100	23.75	23	19	34.29	103359
1466460617	22	20	18	17.5	100	23.75	23	19	34.29	103360
1466460618	22	20	18	17.5	100	23.75	23	19	34.28	103357
1466460619	22	20	18	17.5	100	23.75	23	19	34.29	103361
1466460620	22	20	18	17.5	100	23.75	23	19	34.29	103360
1466460621	22	20	18	17.5	100	23.75	23	19	34.3	103360
1466460622	22	20	18	17.5	100	23.75	23	19	34.3	103362
1466460623	22	20	18	17.5	100	23.75	23	19	34.3	103363
1466460624	22	20	18	17.5	100	23.75	23	19	34.31	103363
1466460625	22	20	18	17.5	100	23.75	23	19	34.31	103364
1466460626	22	20	18	17.5	100	23.75	23	19	34.3	103363
1466460627	22	20	18	17.5	100	23.75	23	19	34.3	103363
1466460628	22	20	18	17.5	100	23.75	23	19	34.31	103364
1466460629	22	20	18	17.5	100	23.75	23	19	34.3	103366
1466460630	22	20	18	17.5	100	23.75	23	19	34.3	103366
1466460631	22	20	18	17.5	100	23.75	23	19	34.31	103367
1466460632	22	20	18	17.5	100	23.75	23	19	34.31	103368
1466460633	22	20	18	17.5	100	23.75	23	19	34.32	103366
1466460634	22	20	18	17.5	100	23.75	23	19	34.33	103371
1466460635	22	20	18	17.5	100	23.75	23	19	34.32	103368
1466460636	22	20	18	17.5	100	23.75	23	19	34.32	103369
1466460637	22	20	18	17.5	100	23.75	23	19	34.33	103369
1466460638	22	20	18	17.5	100	23.75	23	19	34.32	103368
1466460639	22	20	18	17.5	100	23.75	23	19	34.32	103370
1466460640	22	20	18	17.5	100	23.75	23	19	34.32	103371
1466460641	22	20	18	17.5	100	23.75	23	19	34.33	103372
1466460642	22	20	18	17.5	100	23.75	23	19	34.33	103371
1466460643	22	20	18	17.5	100	23.75	23	19	34.33	103371
1466460644	22	20	18	17.5	100	23.75	23	19	34.34	103374
1466460645	22	20	18	17.5	100	23.75	23	19	34.34	103375
1466460646	22	20	18	17.5	100	23.75	23	19	34.34	103375
1466460647	22	20	18	17.5	100	23.75	23	19	34.34	103376
1466460648	22	20	18	17.5	100	23.75	23	19	34.35	103376
1466460649	22	20	18	17.5	100	23.75	23	19	34.34	103375
1466460650	22	20	18	17.5	100	23.75	23	19	34.34	103377
1466460651	22	20	18	17.5	100	23.75	23	19	34.35	103377
1466460652	22	20	18	17.5	100	23.75	23	19	34.35	103378
1466460653	22	20	18	17.5	100	23.75	23	19	34.35	103375
1466460654	22	20	18	17.5	100	23.75	23	19	34.35	103377
1466460655	22	20	18	17.5	100	23.75	23	19	34.35	103379
1466460656	22	20	18	17.5	100	23.75	23	19	34.35	103381
1466460657	22	20	18	17.5	100	23.75	23	19	34.36	103380
1466460658	22	20	18	17.5	100	23.75	23	19	34.35	103379
1466460659	22	20	18	17.5	100	23.75	23	19	34.37	103378
1466460660	22	20	18	17.5	100	23.75	23	19	34.36	103381
1466460661	22	20	18	17.5	100	23.75	23	19	34.36	103380
1466460662	22	20	18	17.5	100	23.75	23	19	34.36	103380
1466460663	22	20	18	17.5	100	23.75	23	19	34.37	103380
1466460664	22	20	18	17.5	100	23.75	23	19	34.37	103383
1466460665	22	20	18	17.5	100	23.75	23	19	34.38	103385
1466460666	22	20	18	17.5	100	23.75	23	19	34.38	103386
1466460667	22	20	18	17.5	100	23.75	23	19	34.38	103386
1466460668	22	20	18	17.5	100	23.75	23	19	34.38	103388
1466460669	22	20	18	17.5	100	23.75	23	19	34.39	103386
1466460670	22	20	18	17.5	100	23.75	23	19	34.39	103391
1466460671	22	20	18	17.5	100	23.75	23	19	34.39	103385
1466460672	22	20	18	17.5	100	23.75	23	19	34.39	103390
1466460673	22	20	18	17.5	100	23.75	23	19	34.4	103390
1466460674	22	20	18	17.5	100	23.75	23	19	34.4	103392
1466460675	22	20	18	17.5	100	23.75	23	19	34.4	103389
1466460676	22	20	18	17.5	100	23.75	23	19	34.4	103393
1466460677	22	20	18	17.5	100	23.75	23	19	34.4	103397
1466460678	22	20	18	17.5	100	23.75	23	19	34.4	103397
1466460679	22	20	18	17.5	100	23.75	23	19	34.41	103398
1466460680	22	20	18	17.5	100	23.75	23	19	34.4	103396
1466460681	22	20	18	17.5	100	23.75	23	19	34.4	103394
1466460682	22	20	18	17.5	100	23.75	23	19	34.4	103398
1466460683	22	20	18	17.5	100	23.75	23	19	34.41	103400
1466460684	22	20	18	17.5	100	23.75	23	19	34.41	103397
1466460685	22	20	18	17.5	100	23.75	23	19	34.41	103397
1466460686	22	20	18	17.5	100	23.75	23	19	34.41	103398
1466460687	22	20	18	17.5	100	23.75	23	19	34.41	103398
1466460688	22	20	18	17.5	100	23.75	23	19	34.42	103402
1466460689	22	20	18	17.5	100	23.75	23	19	34.42	103399
1466460690	22	20	18	17.5	100	23.75	23	19	34.43	103405
1466460691	22	20	18	17.5	100	23.75	23	19	34.43	103403
1466460692	22	20	18	17.5	100	23.75	23	19	34.43	103405
1466460693	22	20	18	17.5	100	23.75	23	19	34.43	103400
1466460694	22	20	18	17.5	100	23.75	23	19	34.44	103402
1466460695	22	20	18	17.5	100	23.75	23	19	34.43	103404
1466460696	22	20	18	17.5	100	23.75	23	19	34.43	103406
1466460697	22	20	18	17.5	100	23.75	23	19	34.44	103405
1466460698	22	20	18	17.5	100	23.75	23	19	34.45	103405
1466460699	22	20	18	17.5	100	23.75	23	19	34.44	103407
1466460700	22	20	18	17.5	100	23.75	23	19	34.44	103406
1466460701	22	20	18	17.5	100	23.75	23	19	34.45	103408
1466460702	22	20	18	17.5	100	23.75	23	19	34.44	103407
1466460703	22	20	18	17.5	100	23.75	23	19	34.45	103410
1466460704	22	20	18	17.5	100	23.75	23	19	34.45	103411
1466460705	22	20	18	17.5	100	23.75	23	19	34.46	103413
1466460706	22	20	18	17.5	100	23.75	23	19	34.45	103412
1466460707	22	20	18	17.5	100	23.75	23	19	34.45	103408
1466460708	22	20	18	17.5	100	23.75	23	19	34.45	103411
1466460709	22	20	18	17.5	100	23.75	23	19	34.46	103412
1466460710	22	20	18	17.5	100	23.75	23	19	34.46	103412
1466460711	22	20	18	17.5	100	23.75	23	19	34.46	103414
1466460712	22	20	18	17.5	100	23.75	23	19	34.46	103411
1466460713	22	20	18	17.5	100	23.75	23	19	34.46	103414
1466460714	22	20	18	17.5	100	23.75	23	19	34.47	103415
1466460715	22	20	18	17.5	100	23.75	23	19	34.46	103413
1466460716	22	20	18	17.5	100	23.75	23	19	34.47	103416
1466460717	22	20	18	17.5	100	23.75	23	19	34.48	103418
1466460718	22	20	18	17.5	100	23.75	23	19	34.48	103421
1466460719	22	20	18	17.5	100	23.75	23	19	34.48	103420
1466460720	22	20	18	17.5	100	23.75	23	19	34.47	103415
1466460721	22	20	18	17.5	100	23.75	23	19	34.48	103421
1466460722	22	20	18	17.5	100	23.75	23	19	34.49	103421
1466460723	22	20	18	17.5	100	23.75	23	19	34.49	103421
1466460724	22	20	18	17.5	100	23.75	23	19	34.49	103421
1466460725	22	20	18	17.5	100	23.75	23	19	34.5	103426
1466460726	22	20	18	17.5	100	23.75	23	19	34.5	103421
1466460727	22	20	18	17.5	100	23.75	23	19	34.49	103423
1466460728	22	20	18	17.5	100	23.75	23	19	34.51	103426
1466460729	22	20	18	17.5	100	23.75	23	19	34.51	103425
1466460730	22	20	18	17.5	100	23.75	23	19	34.51	103423
1466460731	22	20	18	17.5	100	23.75	23	19	34.51	103425
1466460732	22	20	18	17.5	100	23.75	23	19	34.52	103427
1466460733	22	20	18	17.5	100	23.75	23	19	34.51	103426
1466460734	22	20	18	17.5	100	23.75	23	19	34.51	103425
1466460735	22	20	18	17.5	100	23.75	23	19	34.51	103427
1466460736	22	20	18	17.5	100	23.75	23	19	34.51	103427
1466460737	22	20	18	17.5	100	23.75	23	19	34.51	103428
1466460738	22	20	18	17.5	100	23.75	23	19	34.52	103428
1466460739	22	20	18	17.5	100	23.75	23	19	34.52	103429
1466460740	22	20	18	17.5	100	23.75	23	19	34.52	103430
1466460741	22	20	18	17.5	100	23.75	23	19	34.51	103428
1466460742	22	20	18	17.5	100	23.75	23	19	34.52	103433
1466460743	22	20	18	17.5	100	23.75	23	19	34.53	103431
1466460744	22	20	18	17.5	100	23.75	23	19	34.53	103435
1466460745	22	20	18	17.5	100	23.75	23	19	34.53	103434
1466460746	22	20	18	17.5	100	23.75	23	19	34.53	103433
1466460747	22	20	18	17.5	100	23.75	23	19	34.54	103435
1466460748	22	20	18	17.5	100	23.75	23	19	34.54	103434
1466460749	22	20	18	17.5	100	23.75	23	19	34.53	103431
1466460750	22	20	18	17.5	100	23.75	23	19	34.54	103436
1466460751	22	20	18	17.5	100	23.75	23	19	34.54	103436
1466460752	22	20	18	17.5	100	23.75	23	19	34.55	103437
1466460753	22	20	18	17.5	100	23.75	23	19	34.54	103436
1466460754	22	20	18	17.5	100	23.75	23	19	34.55	103438
1466460755	22	20	18	17.5	100	23.75	23	19	34.55	103438
1466460756	22	20	18	17.5	100	23.75	23	19	34.55	103438
1466460757	22	20	18	17.5	100	23.75	23	19	34.55	103439
1466460758	22	20	18	17.5	100	23.75	23	19	34.56	103439
1466460759	22	20	18	17.5	100	23.75	23	19	34.56	103440
1466460760	22	20	18	17.5	100	23.75	23	19	34.56	103440
1466460761	22	20	18	17.5	100	23.75	23	19	34.55	103438
1466460762	22	20	18	17.5	100	23.75	23	19	34.56	103442
1466460763	22	20	18	17.5	100	23.75	23	19	34.56	103441
1466460764	22	20	18	17.5	100	23.75	23	19	34.56	103441
1466460765	22	20	18	17.5	100	23.75	23	19	34.56	103442
1466460766	22	20	18	17.5	100	23.75	23	19	34.57	103443
1466460767	22	20	18	17.5	100	23.75	23	19	34.57	103445
1466460768	22	20	18	17.5	100	23.75	23	19	34.58	103445
1466460769	22	20	18	17.5	100	23.75	23	19	34.58	103445
1466460770	22	20	18	17.5	100	23.75	23	19	34.58	103448
1466460771	22	20	18	17.5	100	23.75	23	19	34.58	103447
1466460772	22	20	18	17.5	100	23.75	23	19	34.57	103445
1466460773	22	20	18	17.5	100	23.75	23	19	34.58	103442
1466460774	22	20	18	17.5	100	23.75	23	19	34.58	103448
1466460775	22	20	18	17.5	100	23.75	23	19	34.59	103449
1466460776	22	20	18	17.5	100	23.75	23	19	34.59	103452
1466460777	22	20	18	17.5	100	23.75	23	19	34.59	103453
1466460778	22	20	18	17.5	100	23.75	23	19	34.59	103448
1466460779	22	20	18	17.5	100	23.75	23	19	34.59	103449
1466460780	22	20	18	17.5	100	23.75	23	19	34.59	103451
1466460781	22	20	18	17.5	100	23.75	23	19	34.59	103450
1466460782	22	20	18	17.5	100	23.75	23	19	34.59	103450
1466460783	22	20	18	17.5	100	23.75	23	19	34.6	103453
1466460784	22	20	18	17.5	100	23.75	23	19	34.6	103450
1466460785	22	20	18	17.5	100	23.75	23	19	34.6	103454
1466460786	22	20	18	17.5	100	23.75	23	19	34.6	103454
1466460787	22	20	18	17.5	100	23.75	23	19	34.6	103452
1466460788	22	20	18	17.5	100	23.75	23	19	34.61	103454
1466460789	22	20	18	17.5	100	23.75	23	19	34.6	103456
1466460790	22	20	18	17.5	100	23.75	23	19	34.6	103453
1466460791	22	20	18	17.5	100	23.75	23	19	34.61	103454
1466460792	22	20	18	17.5	100	23.75	23	19	34.61	103456
1466460793	22	20	18	17.5	100	23.75	23	19	34.61	103457
1466460794	22	20	18	17.5	100	23.75	23	19	34.61	103457
1466460795	22	20	18	17.5	100	23.75	23	19	34.61	103455
1466460796	22	20	18	17.5	100	23.75	23	19	34.62	103458
1466460797	22	20	18	17.5	100	23.75	23	19	34.62	103460
1466460798	22	20	18	17.5	100	23.75	23	19	34.62	103460
1466460799	22	20	18	17.5	100	23.75	23	19	34.62	103461
1466460800	22	20	18	17.5	100	23.75	23	19	34.62	103458
1466460801	22	20	18	17.5	100	23.75	23	19	34.62	103461
1466460802	22	20	18	17.5	100	23.75	23	19	34.62	103462
1466460803	22	20	18	17.5	100	23.75	23	19	34.63	103462
1466460804	22	20	18	17.5	100	23.75	23	19	34.63	103463
1466460805	22	20	18	17.5	100	23.75	23	19	34.64	103464
1466460806	22	20	18	17.5	100	23.75	23	19	34.63	103463
1466460807	22	20	18	17.5	100	23.75	23	19	34.63	103462
1466460808	22	20	18	17.5	100	23.75	23	19	34.64	103461
1466460809	22	20	18	17.5	100	23.75	23	19	34.64	103464
1466460810	22	20	18	17.5	100	23.75	23	19	34.64	103464
1466460811	22	20	18	17.5	100	23.75	23	19	34.65	103466
1466460812	22	20	18	17.5	100	23.75	23	19	34.63	103464
1466460813	22	20	18	17.5	100	23.75	23	19	34.64	103465
1466460814	22	20	18	17.5	100	23.75	23	19	34.64	103466
1466460815	22	20	18	17.5	100	23.75	23	19	34.65	103466
1466460816	22	20	18	17.5	100	23.75	23	19	34.64	103466
1466460817	22	20	18	17.5	100	23.75	23	19	34.65	103471
1466460818	22	20	18	17.5	100	23.75	23	19	34.65	103467
1466460819	22	20	18	17.5	100	23.75	23	19	34.65	103467
1466460820	22	20	18	17.5	100	23.75	23	19	34.65	103468
1466460821	22	20	18	17.5	100	23.75	23	19	34.65	103469
1466460822	22	20	18	17.5	100	23.75	23	19	34.66	103470
1466460823	22	20	18	17.5	100	23.75	23	19	34.66	103469
1466460824	22	20	18	17.5	100	23.75	23	19	34.65	103467
1466460825	22	20	18	17.5	100	23.75	23	19	34.66	103466
1466460826	22	20	18	17.5	100	23.75	23	19	34.66	103470
1466460827	22	20	18	17.5	100	23.75	23	19	34.66	103470
1466460828	22	20	18	17.5	100	23.75	23	19	34.66	103471
1466460829	22	20	18	17.5	100	23.75	23	19	34.67	103471
1466460830	22	20	18	17.5	100	23.75	23	19	34.67	103473
1466460831	22	20	18	17.5	100	23.75	23	19	34.67	103474
1466460832	22	20	18	17.5	100	23.75	23	19	34.67	103470
1466460833	22	20	18	17.5	100	23.75	23	19	34.67	103469
1466460834	22	20	18	17.5	100	23.75	23	19	34.68	103474
1466460835	22	20	18	17.5	100	23.75	23	19	34.68	103474
1466460836	22	20	18	17.5	100	23.75	23	19	34.67	103471
1466460837	22	20	18	17.5	100	23.75	23	19	34.69	103472
1466460838	22	20	18	17.5	100	23.75	23	19	34.68	103474
1466460839	22	20	18	17.5	100	23.75	23	19	34.69	103473
1466460840	22	20	18	17.5	100	23.75	23	19	34.69	103475
1466460841	22	20	18	17.5	100	23.75	23	19	34.69	103476
1466460842	22	20	18	17.5	100	23.75	23	19	34.69	103473
1466460843	22	20	18	17.5	100	23.75	23	19	34.69	103477
1466460844	22	20	18	17.5	100	23.75	23	19	34.7	103476
1466460845	22	20	18	17.5	100	23.75	23	19	34.7	103477
1466460846	22	20	18	17.5	100	23.75	23	19	34.7	103477
1466460847	22	20	18	17.5	100	23.75	23	19	34.7	103476
1466460848	22	20	18	17.5	100	23.75	23	19	34.71	103480
1466460849	22	20	18	17.5	100	23.75	23	19	34.7	103476
1466460850	22	20	18	17.5	100	23.75	23	19	34.7	103478
1466460851	22	20	18	17.5	100	23.75	23	19	34.7	103478
1466460852	22	20	18	17.5	100	23.75	23	19	34.71	103480
1466460853	22	20	18	17.5	100	23.75	23	19	34.7	103478
1466460854	22	20	18	17.5	100	23.75	23	19	34.72	103479
1466460855	22	20	18	17.5	100	23.75	23	19	34.72	103482
1466460856	22	20	18	17.5	100	23.75	23	19	34.71	103480
1466460857	22	20	18	17.5	100	23.75	23	19	34.72	103479
1466460858	22	20	18	17.5	100	23.75	23	19	34.71	103483
1466460859	22	20	18	17.5	100	23.75	23	19	34.72	103479
1466460860	22	20	18	17.5	100	23.75	23	19	34.72	103484
1466460861	22	20	18	17.5	100	23.75	23	19	34.72	103481
1466460862	22	20	18	17.5	100	23.75	23	19	34.72	103484
1466460863	22	20	18	17.5	100	23.75	23	19	34.72	103481
1466460864	22	20	18	17.5	100	23.75	23	19	34.72	103484
1466460865	22	20	18	17.5	100	23.75	23	19	34.71	103480
1466460866	22	20	18	17.5	100	23.75	23	19	34.72	103483
1466460867	22	20	18	17.5	100	23.75	23	19	34.73	103486
1466460868	22	20	18	17.5	100	23.75	23	19	34.72	103483
1466460869	22	20	18	17.5	100	23.75	23	19	34.73	103488
1466460870	22	20	18	17.5	100	23.75	23	19	34.73	103485
1466460871	22	20	18	17.5	100	23.75	23	19	34.72	103484
1466460872	22	20	18	17.5	100	23.75	23	19	34.73	103487
1466460873	22	20	18	17.5	100	23.75	23	19	34.73	103486
1466460874	22	20	18	17.5	100	23.75	23	19	34.74	103484
1466460875	22	20	18	17.5	100	23.75	23	19	34.73	103487
1466460876	22	20	18	17.5	100	23.75	23	19	34.74	103487
1466460877	22	20	18	17.5	100	23.75	23	19	34.72	103483
1466460878	22	20	18	17.5	100	23.75	23	19	34.73	103485
1466460879	22	20	18	17.5	100	23.75	23	19	34.74	103485
1466460880	22	20	18	17.5	100	23.75	23	19	34.75	103488
1466460881	22	20	18	17.5	100	23.75	23	19	34.75	103487
1466460882	22	20	18	17.5	100	23.75	23	19	34.75	103486
1466460883	22	20	18	17.5	100	23.75	23	19	34.74	103485
1466460884	22	20	18	17.5	100	23.75	23	19	34.76	103491
1466460885	22	20	18	17.5	100	23.75	23	19	34.75	103487
1466460886	22	20	18	17.5	100	23.75	23	19	34.75	103489
1466460887	22	20	18	17.5	100	23.75	23	19	34.75	103490
1466460888	22	20	18	17.5	100	23.75	23	19	34.75	103488
1466460889	22	20	18	17.5	100	23.75	23	19	34.75	103489
1466460890	22	20	18	17.5	100	23.75	23	19	34.75	103489
1466460891	22	20	18	17.5	100	23.75	23	19	34.76	103490
1466460892	22	20	18	17.5	100	23.75	23	19	34.75	103489
1466460893	22	20	18	17.5	100	23.75	23	19	34.75	103490
1466460894	22	20	18	17.5	100	23.75	23	19	34.76	103493
1466460895	22	20	18	17.5	100	23.75	23	19	34.76	103491
1466460896	22	20	18	17.5	100	23.75	23	19	34.76	103494
1466460897	22	20	18	17.5	100	23.75	23	19	34.77	103493
1466460898	22	20	18	17.5	100	23.75	23	19	34.76	103492
1466460899	22	20	18	17.5	100	23.75	23	19	34.76	103491
1466460900	22	20	18	17.5	100	23.75	23	19	34.77	103493
1466460901	22	20	18	17.5	100	23.75	23	19	34.76	103493
1466460902	22	20	18	17.5	100	23.75	23	19	34.76	103494
1466460903	22	20	18	17.5	100	23.75	23	19	34.76	103493
1466460904	22	20	18	17.5	100	23.75	23	19	34.76	103490
1466460905	22	20	18	17.5	100	23.75	23	19	34.77	103495
1466460906	22	20	18	17.5	100	23.75	23	19	34.76	103492
1466460907	22	20	18	17.5	100	23.75	23	19	34.77	103496
1466460908	22	20	18	17.5	100	23.75	23	19	34.77	103496
1466460909	22	20	18	17.5	100	23.75	23	19	34.77	103494
1466460910	22	20	18	17.5	100	23.75	23	19	34.77	103497
1466460911	22	20	18	17.5	100	23.75	23	19	34.77	103495
1466460912	22	20	18	17.5	100	23.75	23	19	34.78	103498
1466460913	22	20	18	17.5	100	23.75	23	19	34.78	103498
1466460914	22	20	18	17.5	100	23.75	23	19	34.78	103498
1466460915	22	20	18	17.5	100	23.75	23	19	34.78	103498
1466460916	22	20	18	17.5	100	23.75	23	19	34.78	103495
1466460917	22	20	18	17.5	100	23.75	23	19	34.79	103495
1466460918	22	20	18	17.5	100	23.75	23	19	34.79	103499
1466460919	22	20	18	17.5	100	23.75	23	19	34.78	103498
1466460920	22	20	18	17.5	100	23.75	23	19	34.79	103501
1466460921	22	20	18	17.5	100	23.75	23	19	34.79	103500
1466460922	22	20	18	17.5	100	23.75	23	19	34.78	103499
1466460923	22	20	18	17.5	100	23.75	23	19	34.78	103501
1466460924	22	20	18	17.5	100	23.75	23	19	34.8	103500
1466460925	22	20	18	17.5	100	23.75	23	19	34.79	103502
1466460926	22	20	18	17.5	100	23.75	23	19	34.79	103502
1466460927	22	20	18	17.5	100	23.75	23	19	34.8	103503
1466460928	22	20	18	17.5	100	23.75	23	19	34.79	103506
1466460929	22	20	18	17.5	100	23.75	23	19	34.8	103503
1466460930	22	20	18	17.5	100	23.75	23	19	34.79	103500
1466460931	22	20	18	17.5	100	23.75	23	19	34.79	103499
1466460932	22	20	18	17.5	100	23.75	23	19	34.81	103503
1466460933	22	20	18	17.5	100	23.75	23	19	34.8	103498
1466460934	22	20	18	17.5	100	23.75	23	19	34.8	103505
1466460935	22	20	18	17.5	100	23.75	23	19	34.8	103503
1466460936	22	20	18	17.5	100	23.75	23	19	34.8	103502
1466460937	22	20	18	17.5	100	23.75	23	19	34.8	103504
1466460938	22	20	18	17.5	100	23.75	23	19	34.81	103506
1466460939	22	20	18	17.5	100	23.75	23	19	34.81	103506
1466460940	22	20	18	17.5	100	23.75	23	19	34.8	103504
1466460941	22	20	18	17.5	100	23.75	23	19	34.81	103508
1466460942	22	20	18	17.5	100	23.75	23	19	34.81	103505
1466460943	22	20	18	17.5	100	23.75	23	19	34.81	103509
1466460944	22	20	18	17.5	100	23.75	23	19	34.81	103509
1466460945	22	20	18	17.5	100	23.75	23	19	34.8	103504
1466460946	22	20	18	17.5	100	23.75	23	19	34.82	103509
1466460947	22	20	18	17.5	100	23.75	23	19	34.81	103507
1466460948	22	20	18	17.5	100	23.75	23	19	34.81	103508
1466460949	22	20	18	17.5	100	23.75	23	19	34.81	103507
1466460950	22	20	18	17.5	100	23.75	23	19	34.81	103508
1466460951	22	20	18	17.5	100	23.75	23	19	34.8	103506
1466460952	22	20	18	17.5	100	23.75	23	19	34.81	103510
1466460953	22	20	18	17.5	100	23.75	23	19	34.81	103509
1466460954	22	20	18	17.5	100	23.75	23	19	34.82	103510
1466460955	22	20	18	17.5	100	23.75	23	19	34.82	103512
1466460956	22	20	18	17.5	100	23.75	23	19	34.81	103507
1466460957	22	20	18	17.5	100	23.75	23	19	34.82	103509
1466460958	22	20	18	17.5	100	23.75	23	19	34.82	103510
1466460959	22	20	18	17.5	100	23.75	23	19	34.82	103512
1466460960	22	20	18	17.5	100	23.75	23	19	34.83	103509
1466460961	22	20	18	17.5	100	23.75	23	19	34.82	103511
1466460962	22	20	18	17.5	100	23.75	23	19	34.83	103514
1466460963	22	20	18	17.5	100	23.75	23	19	34.83	103512
1466460964	22	20	18	17.5	100	23.75	23	19	34.83	103512
1466460965	22	20	18	17.5	100	23.75	23	19	34.83	103513
1466460966	22	20	18	17.5	100	23.75	23	19	34.83	103512
1466460967	22	20	18	17.5	100	23.75	23	19	34.83	103514
1466460968	22	20	18	17.5	100	23.75	23	19	34.82	103510
1466460969	22	20	18	17.5	100	23.75	23	19	34.83	103512
1466460970	22	20	18	17.5	100	23.75	23	19	34.83	103511
1466460971	22	20	18	17.5	100	23.75	23	19	34.83	103515
1466460972	22	20	18	17.5	100	23.75	23	19	34.83	103511
1466460973	22	20	18	17.5	100	23.75	23	19	34.83	103515
1466460974	22	20	18	17.5	100	23.75	23	19	34.83	103517
1466460975	22	20	18	17.5	100	23.75	23	19	34.83	103513
1466460976	22	20	18	17.5	100	23.75	23	19	34.83	103516
1466460977	22	20	18	17.5	100	23.75	23	19	34.83	103515
1466460978	22	20	18	17.5	100	23.75	23	19	34.84	103514
1466460979	22	20	18	17.5	100	23.75	23	19	34.83	103515
1466460980	22	20	18	17.5	100	23.75	23	19	34.84	103516
1466460981	22	20	18	17.5	100	23.75	23	19	34.84	103518
1466460982	22	20	18	17.5	100	23.75	23	19	34.84	103517
1466460983	22	20	18	17.5	100	23.75	23	19	34.83	103515
1466460984	22	20	18	17.5	100	23.75	23	19	34.83	103516
1466460985	22	20	18	17.5	100	23.75	23	19	34.85	103520
1466460986	22	20	18	17.5	100	23.75	23	19	34.84	103517
1466460987	22	20	18	17.5	100	23.75	23	19	34.84	103514
1466460988	22	20	18	17.5	100	23.75	23	19	34.84	103517
1466460989	22	20	18	17.5	100	23.75	23	19	34.85	103519
1466460990	22	20	18	17.5	100	23.75	23	19	34.85	103517
1466460991	22	20	18	17.5	100	23.75	23	19	34.85	103519
1466460992	22	20	18	17.5	100	23.75	23	19	34.85	103519
1466460993	22	20	18	17.5	100	23.75	23	19	34.85	103519
1466460994	22	20	18	17.5	100	23.75	23	19	34.85	103518
1466460995	22	20	18	17.5	100	23.75	23	19	34.84	103518
1466460996	22	20	18	17.5	100	23.75	23	19	34.85	103518
1466460997	22	20	18	17.5	100	23.75	23	19	34.85	103521
1466460998	22	20	18	17.5	100	23.75	23	19	34.85	103521
1466460999	22	20	18	17.5	100	23.75	23	19	34.85	103523
1466461000	22	20	18	17.5	100	23.75	23	19	34.86	103522
1466461001	22	20	18	17.5	100	23.75	23	19	34.86	103521
1466461002	22	20	18	17.5	100	23.75	23	19	34.86	103521
1466461003	22	20	18	17.5	100	23.75	23	19	34.86	103522
1466461004	22	20	18	17.5	100	23.75	23	19	34.86	103522
1466461005	22	20	18	17.5	100	23.75	23	19	34.86	103523
1466461006	22	20	18	17.5	100	23.75	23	19	34.86	103523
1466461007	22	20	18	17.5	100	23.75	23	19	34.86	103523
1466461008	22	20	18	17.5	100	23.75	23	19	34.85	103521
1466461009	22	20	18	17.5	100	23.75	23	19	34.86	103522
1466461010	22	20	18	17.5	100	23.75	23	19	34.87	103523
1466461011	22	20	18	17.5	100	23.75	23	19	34.86	103522
1466461012	22	20	18	17.5	100	23.75	23	19	34.88	103527
1466461013	22	20	18	17.5	100	23.75	23	19	34.87	103524
1466461014	22	20	18	17.5	100	23.75	23	19	34.86	103523
1466461015	22	20	18	17.5	100	23.75	23	19	34.87	103527
1466461016	22	20	18	17.5	100	23.75	23	19	34.86	103524
1466461017	22	20	18	17.5	100	23.75	23	19	34.87	103524
1466461018	22	20	18	17.5	100	23.75	23	19	34.87	103526
1466461019	22	20	18	17.5	100	23.75	23	19	34.87	103527
1466461020	22	20	18	17.5	100	23.75	23	19	34.87	103528
1466461021	22	20	18	17.5	100	23.75	23	19	34.87	103527
1466461022	22	20	18	17.5	100	23.75	23	19	34.88	103527
1466461023	22	20	18	17.5	100	23.75	23	19	34.88	103527
1466461024	22	20	18	17.5	100	23.75	23	19	34.87	103525
1466461025	22	20	18	17.5	100	23.75	23	19	34.88	103529
1466461026	22	20	18	17.5	100	23.75	23	19	34.88	103527
1466461027	22	20	18	17.5	100	23.75	23	19	34.87	103529
1466461028	22	20	18	17.5	100	23.75	23	19	34.87	103527
1466461029	22	20	18	17.5	100	23.75	23	19	34.87	103527
1466461030	22	20	18	17.5	100	23.75	23	19	34.88	103529
1466461031	22	20	18	17.5	100	23.75	23	19	34.88	103531
1466461032	22	20	18	17.5	100	23.75	23	19	34.88	103532
1466461033	22	20	18	17.5	100	23.75	23	19	34.88	103529
1466461034	22	20	18	17.5	100	23.75	23	19	34.89	103531
1466461035	22	20	18	17.5	100	23.75	23	19	34.88	103528
1466461036	22	20	18	17.5	100	23.75	23	19	34.88	103529
1466461037	22	20	18	17.5	100	23.75	23	19	34.87	103529
1466461038	22	20	18	17.5	100	23.75	23	19	34.89	103533
1466461039	22	20	18	17.5	100	23.75	23	19	34.89	103532
1466461040	22	20	18	17.5	100	23.75	23	19	34.88	103533
